[2023-11-21T16:10:24.636+0000] {processor.py:157} INFO - Started process (PID=400) to work on /opt/airflow/dags/aa.py
[2023-11-21T16:10:24.637+0000] {processor.py:829} INFO - Processing file /opt/airflow/dags/aa.py for tasks to queue
[2023-11-21T16:10:24.638+0000] {logging_mixin.py:151} INFO - [2023-11-21T16:10:24.638+0000] {dagbag.py:536} INFO - Filling up the DagBag from /opt/airflow/dags/aa.py
[2023-11-21T16:10:25.005+0000] {processor.py:839} INFO - DAG(s) dict_keys(['Projet_IDD']) retrieved from /opt/airflow/dags/aa.py
[2023-11-21T16:10:25.080+0000] {logging_mixin.py:151} INFO - [2023-11-21T16:10:25.080+0000] {dag.py:2941} INFO - Sync 1 DAGs
[2023-11-21T16:10:25.091+0000] {logging_mixin.py:151} INFO - [2023-11-21T16:10:25.090+0000] {dag.py:3722} INFO - Setting next_dagrun for Projet_IDD to None, run_after=None
[2023-11-21T16:10:25.120+0000] {processor.py:179} INFO - Processing /opt/airflow/dags/aa.py took 0.487 seconds
[2023-11-21T16:10:55.438+0000] {processor.py:157} INFO - Started process (PID=411) to work on /opt/airflow/dags/aa.py
[2023-11-21T16:10:55.439+0000] {processor.py:829} INFO - Processing file /opt/airflow/dags/aa.py for tasks to queue
[2023-11-21T16:10:55.440+0000] {logging_mixin.py:151} INFO - [2023-11-21T16:10:55.439+0000] {dagbag.py:536} INFO - Filling up the DagBag from /opt/airflow/dags/aa.py
[2023-11-21T16:10:55.822+0000] {processor.py:839} INFO - DAG(s) dict_keys(['Projet_IDD']) retrieved from /opt/airflow/dags/aa.py
[2023-11-21T16:10:55.839+0000] {logging_mixin.py:151} INFO - [2023-11-21T16:10:55.839+0000] {dag.py:2941} INFO - Sync 1 DAGs
[2023-11-21T16:10:55.847+0000] {logging_mixin.py:151} INFO - [2023-11-21T16:10:55.847+0000] {dag.py:3722} INFO - Setting next_dagrun for Projet_IDD to None, run_after=None
[2023-11-21T16:10:55.863+0000] {processor.py:179} INFO - Processing /opt/airflow/dags/aa.py took 0.428 seconds
[2023-11-21T16:11:26.101+0000] {processor.py:157} INFO - Started process (PID=425) to work on /opt/airflow/dags/aa.py
[2023-11-21T16:11:26.102+0000] {processor.py:829} INFO - Processing file /opt/airflow/dags/aa.py for tasks to queue
[2023-11-21T16:11:26.103+0000] {logging_mixin.py:151} INFO - [2023-11-21T16:11:26.103+0000] {dagbag.py:536} INFO - Filling up the DagBag from /opt/airflow/dags/aa.py
[2023-11-21T16:11:26.470+0000] {processor.py:839} INFO - DAG(s) dict_keys(['Projet_IDD']) retrieved from /opt/airflow/dags/aa.py
[2023-11-21T16:11:26.499+0000] {logging_mixin.py:151} INFO - [2023-11-21T16:11:26.499+0000] {dag.py:2941} INFO - Sync 1 DAGs
[2023-11-21T16:11:26.511+0000] {logging_mixin.py:151} INFO - [2023-11-21T16:11:26.511+0000] {dag.py:3722} INFO - Setting next_dagrun for Projet_IDD to None, run_after=None
[2023-11-21T16:11:26.543+0000] {processor.py:179} INFO - Processing /opt/airflow/dags/aa.py took 0.445 seconds
[2023-11-21T16:11:56.902+0000] {processor.py:157} INFO - Started process (PID=436) to work on /opt/airflow/dags/aa.py
[2023-11-21T16:11:56.903+0000] {processor.py:829} INFO - Processing file /opt/airflow/dags/aa.py for tasks to queue
[2023-11-21T16:11:56.905+0000] {logging_mixin.py:151} INFO - [2023-11-21T16:11:56.904+0000] {dagbag.py:536} INFO - Filling up the DagBag from /opt/airflow/dags/aa.py
[2023-11-21T16:11:57.276+0000] {processor.py:839} INFO - DAG(s) dict_keys(['Projet_IDD']) retrieved from /opt/airflow/dags/aa.py
[2023-11-21T16:11:57.295+0000] {logging_mixin.py:151} INFO - [2023-11-21T16:11:57.294+0000] {dag.py:2941} INFO - Sync 1 DAGs
[2023-11-21T16:11:57.304+0000] {logging_mixin.py:151} INFO - [2023-11-21T16:11:57.304+0000] {dag.py:3722} INFO - Setting next_dagrun for Projet_IDD to None, run_after=None
[2023-11-21T16:11:57.322+0000] {processor.py:179} INFO - Processing /opt/airflow/dags/aa.py took 0.423 seconds
[2023-11-21T16:12:27.707+0000] {processor.py:157} INFO - Started process (PID=448) to work on /opt/airflow/dags/aa.py
[2023-11-21T16:12:27.708+0000] {processor.py:829} INFO - Processing file /opt/airflow/dags/aa.py for tasks to queue
[2023-11-21T16:12:27.709+0000] {logging_mixin.py:151} INFO - [2023-11-21T16:12:27.709+0000] {dagbag.py:536} INFO - Filling up the DagBag from /opt/airflow/dags/aa.py
[2023-11-21T16:12:28.061+0000] {processor.py:839} INFO - DAG(s) dict_keys(['Projet_IDD']) retrieved from /opt/airflow/dags/aa.py
[2023-11-21T16:12:28.077+0000] {logging_mixin.py:151} INFO - [2023-11-21T16:12:28.076+0000] {dag.py:2941} INFO - Sync 1 DAGs
[2023-11-21T16:12:28.085+0000] {logging_mixin.py:151} INFO - [2023-11-21T16:12:28.085+0000] {dag.py:3722} INFO - Setting next_dagrun for Projet_IDD to None, run_after=None
[2023-11-21T16:12:28.104+0000] {processor.py:179} INFO - Processing /opt/airflow/dags/aa.py took 0.399 seconds
[2023-11-21T16:12:58.423+0000] {processor.py:157} INFO - Started process (PID=460) to work on /opt/airflow/dags/aa.py
[2023-11-21T16:12:58.425+0000] {processor.py:829} INFO - Processing file /opt/airflow/dags/aa.py for tasks to queue
[2023-11-21T16:12:58.426+0000] {logging_mixin.py:151} INFO - [2023-11-21T16:12:58.426+0000] {dagbag.py:536} INFO - Filling up the DagBag from /opt/airflow/dags/aa.py
[2023-11-21T16:12:58.807+0000] {processor.py:839} INFO - DAG(s) dict_keys(['Projet_IDD']) retrieved from /opt/airflow/dags/aa.py
[2023-11-21T16:12:58.825+0000] {logging_mixin.py:151} INFO - [2023-11-21T16:12:58.825+0000] {dag.py:2941} INFO - Sync 1 DAGs
[2023-11-21T16:12:58.835+0000] {logging_mixin.py:151} INFO - [2023-11-21T16:12:58.835+0000] {dag.py:3722} INFO - Setting next_dagrun for Projet_IDD to None, run_after=None
[2023-11-21T16:12:58.852+0000] {processor.py:179} INFO - Processing /opt/airflow/dags/aa.py took 0.432 seconds
[2023-11-21T16:13:29.202+0000] {processor.py:157} INFO - Started process (PID=471) to work on /opt/airflow/dags/aa.py
[2023-11-21T16:13:29.203+0000] {processor.py:829} INFO - Processing file /opt/airflow/dags/aa.py for tasks to queue
[2023-11-21T16:13:29.205+0000] {logging_mixin.py:151} INFO - [2023-11-21T16:13:29.204+0000] {dagbag.py:536} INFO - Filling up the DagBag from /opt/airflow/dags/aa.py
[2023-11-21T16:13:29.595+0000] {processor.py:839} INFO - DAG(s) dict_keys(['Projet_IDD']) retrieved from /opt/airflow/dags/aa.py
[2023-11-21T16:13:29.616+0000] {logging_mixin.py:151} INFO - [2023-11-21T16:13:29.615+0000] {dag.py:2941} INFO - Sync 1 DAGs
[2023-11-21T16:13:29.625+0000] {logging_mixin.py:151} INFO - [2023-11-21T16:13:29.625+0000] {dag.py:3722} INFO - Setting next_dagrun for Projet_IDD to None, run_after=None
[2023-11-21T16:13:29.651+0000] {processor.py:179} INFO - Processing /opt/airflow/dags/aa.py took 0.451 seconds
[2023-11-21T16:13:59.972+0000] {processor.py:157} INFO - Started process (PID=481) to work on /opt/airflow/dags/aa.py
[2023-11-21T16:13:59.974+0000] {processor.py:829} INFO - Processing file /opt/airflow/dags/aa.py for tasks to queue
[2023-11-21T16:13:59.975+0000] {logging_mixin.py:151} INFO - [2023-11-21T16:13:59.975+0000] {dagbag.py:536} INFO - Filling up the DagBag from /opt/airflow/dags/aa.py
[2023-11-21T16:14:00.389+0000] {processor.py:839} INFO - DAG(s) dict_keys(['Projet_IDD']) retrieved from /opt/airflow/dags/aa.py
[2023-11-21T16:14:00.410+0000] {logging_mixin.py:151} INFO - [2023-11-21T16:14:00.410+0000] {dag.py:2941} INFO - Sync 1 DAGs
[2023-11-21T16:14:00.423+0000] {logging_mixin.py:151} INFO - [2023-11-21T16:14:00.423+0000] {dag.py:3722} INFO - Setting next_dagrun for Projet_IDD to None, run_after=None
[2023-11-21T16:14:00.450+0000] {processor.py:179} INFO - Processing /opt/airflow/dags/aa.py took 0.482 seconds
[2023-11-21T16:14:30.708+0000] {processor.py:157} INFO - Started process (PID=492) to work on /opt/airflow/dags/aa.py
[2023-11-21T16:14:30.710+0000] {processor.py:829} INFO - Processing file /opt/airflow/dags/aa.py for tasks to queue
[2023-11-21T16:14:30.711+0000] {logging_mixin.py:151} INFO - [2023-11-21T16:14:30.710+0000] {dagbag.py:536} INFO - Filling up the DagBag from /opt/airflow/dags/aa.py
[2023-11-21T16:14:31.179+0000] {processor.py:839} INFO - DAG(s) dict_keys(['Projet_IDD']) retrieved from /opt/airflow/dags/aa.py
[2023-11-21T16:14:31.201+0000] {logging_mixin.py:151} INFO - [2023-11-21T16:14:31.201+0000] {dag.py:2941} INFO - Sync 1 DAGs
[2023-11-21T16:14:31.211+0000] {logging_mixin.py:151} INFO - [2023-11-21T16:14:31.211+0000] {dag.py:3722} INFO - Setting next_dagrun for Projet_IDD to None, run_after=None
[2023-11-21T16:14:31.232+0000] {processor.py:179} INFO - Processing /opt/airflow/dags/aa.py took 0.528 seconds
[2023-11-21T16:15:01.511+0000] {processor.py:157} INFO - Started process (PID=503) to work on /opt/airflow/dags/aa.py
[2023-11-21T16:15:01.512+0000] {processor.py:829} INFO - Processing file /opt/airflow/dags/aa.py for tasks to queue
[2023-11-21T16:15:01.513+0000] {logging_mixin.py:151} INFO - [2023-11-21T16:15:01.513+0000] {dagbag.py:536} INFO - Filling up the DagBag from /opt/airflow/dags/aa.py
[2023-11-21T16:15:01.855+0000] {processor.py:839} INFO - DAG(s) dict_keys(['Projet_IDD']) retrieved from /opt/airflow/dags/aa.py
[2023-11-21T16:15:01.873+0000] {logging_mixin.py:151} INFO - [2023-11-21T16:15:01.873+0000] {dag.py:2941} INFO - Sync 1 DAGs
[2023-11-21T16:15:01.881+0000] {logging_mixin.py:151} INFO - [2023-11-21T16:15:01.881+0000] {dag.py:3722} INFO - Setting next_dagrun for Projet_IDD to None, run_after=None
[2023-11-21T16:15:01.904+0000] {processor.py:179} INFO - Processing /opt/airflow/dags/aa.py took 0.396 seconds
[2023-11-21T16:15:32.295+0000] {processor.py:157} INFO - Started process (PID=514) to work on /opt/airflow/dags/aa.py
[2023-11-21T16:15:32.296+0000] {processor.py:829} INFO - Processing file /opt/airflow/dags/aa.py for tasks to queue
[2023-11-21T16:15:32.297+0000] {logging_mixin.py:151} INFO - [2023-11-21T16:15:32.297+0000] {dagbag.py:536} INFO - Filling up the DagBag from /opt/airflow/dags/aa.py
[2023-11-21T16:15:32.728+0000] {processor.py:839} INFO - DAG(s) dict_keys(['Projet_IDD']) retrieved from /opt/airflow/dags/aa.py
[2023-11-21T16:15:32.752+0000] {logging_mixin.py:151} INFO - [2023-11-21T16:15:32.751+0000] {dag.py:2941} INFO - Sync 1 DAGs
[2023-11-21T16:15:32.763+0000] {logging_mixin.py:151} INFO - [2023-11-21T16:15:32.763+0000] {dag.py:3722} INFO - Setting next_dagrun for Projet_IDD to None, run_after=None
[2023-11-21T16:15:32.785+0000] {processor.py:179} INFO - Processing /opt/airflow/dags/aa.py took 0.493 seconds
[2023-11-21T16:16:03.582+0000] {processor.py:157} INFO - Started process (PID=525) to work on /opt/airflow/dags/aa.py
[2023-11-21T16:16:03.583+0000] {processor.py:829} INFO - Processing file /opt/airflow/dags/aa.py for tasks to queue
[2023-11-21T16:16:03.584+0000] {logging_mixin.py:151} INFO - [2023-11-21T16:16:03.584+0000] {dagbag.py:536} INFO - Filling up the DagBag from /opt/airflow/dags/aa.py
[2023-11-21T16:16:03.998+0000] {processor.py:839} INFO - DAG(s) dict_keys(['Projet_IDD']) retrieved from /opt/airflow/dags/aa.py
[2023-11-21T16:16:04.019+0000] {logging_mixin.py:151} INFO - [2023-11-21T16:16:04.019+0000] {dag.py:2941} INFO - Sync 1 DAGs
[2023-11-21T16:16:04.030+0000] {logging_mixin.py:151} INFO - [2023-11-21T16:16:04.030+0000] {dag.py:3722} INFO - Setting next_dagrun for Projet_IDD to None, run_after=None
[2023-11-21T16:16:04.051+0000] {processor.py:179} INFO - Processing /opt/airflow/dags/aa.py took 0.472 seconds
[2023-11-21T16:16:34.365+0000] {processor.py:157} INFO - Started process (PID=536) to work on /opt/airflow/dags/aa.py
[2023-11-21T16:16:34.367+0000] {processor.py:829} INFO - Processing file /opt/airflow/dags/aa.py for tasks to queue
[2023-11-21T16:16:34.368+0000] {logging_mixin.py:151} INFO - [2023-11-21T16:16:34.368+0000] {dagbag.py:536} INFO - Filling up the DagBag from /opt/airflow/dags/aa.py
[2023-11-21T16:16:34.740+0000] {processor.py:839} INFO - DAG(s) dict_keys(['Projet_IDD']) retrieved from /opt/airflow/dags/aa.py
[2023-11-21T16:16:34.758+0000] {logging_mixin.py:151} INFO - [2023-11-21T16:16:34.758+0000] {dag.py:2941} INFO - Sync 1 DAGs
[2023-11-21T16:16:34.767+0000] {logging_mixin.py:151} INFO - [2023-11-21T16:16:34.767+0000] {dag.py:3722} INFO - Setting next_dagrun for Projet_IDD to None, run_after=None
[2023-11-21T16:16:34.785+0000] {processor.py:179} INFO - Processing /opt/airflow/dags/aa.py took 0.424 seconds
[2023-11-21T16:17:05.077+0000] {processor.py:157} INFO - Started process (PID=547) to work on /opt/airflow/dags/aa.py
[2023-11-21T16:17:05.078+0000] {processor.py:829} INFO - Processing file /opt/airflow/dags/aa.py for tasks to queue
[2023-11-21T16:17:05.079+0000] {logging_mixin.py:151} INFO - [2023-11-21T16:17:05.079+0000] {dagbag.py:536} INFO - Filling up the DagBag from /opt/airflow/dags/aa.py
[2023-11-21T16:17:05.476+0000] {processor.py:839} INFO - DAG(s) dict_keys(['Projet_IDD']) retrieved from /opt/airflow/dags/aa.py
[2023-11-21T16:17:05.496+0000] {logging_mixin.py:151} INFO - [2023-11-21T16:17:05.496+0000] {dag.py:2941} INFO - Sync 1 DAGs
[2023-11-21T16:17:05.505+0000] {logging_mixin.py:151} INFO - [2023-11-21T16:17:05.505+0000] {dag.py:3722} INFO - Setting next_dagrun for Projet_IDD to None, run_after=None
[2023-11-21T16:17:05.528+0000] {processor.py:179} INFO - Processing /opt/airflow/dags/aa.py took 0.454 seconds
[2023-11-21T16:17:35.809+0000] {processor.py:157} INFO - Started process (PID=558) to work on /opt/airflow/dags/aa.py
[2023-11-21T16:17:35.810+0000] {processor.py:829} INFO - Processing file /opt/airflow/dags/aa.py for tasks to queue
[2023-11-21T16:17:35.810+0000] {logging_mixin.py:151} INFO - [2023-11-21T16:17:35.810+0000] {dagbag.py:536} INFO - Filling up the DagBag from /opt/airflow/dags/aa.py
[2023-11-21T16:17:36.168+0000] {processor.py:839} INFO - DAG(s) dict_keys(['Projet_IDD']) retrieved from /opt/airflow/dags/aa.py
[2023-11-21T16:17:36.187+0000] {logging_mixin.py:151} INFO - [2023-11-21T16:17:36.186+0000] {dag.py:2941} INFO - Sync 1 DAGs
[2023-11-21T16:17:36.197+0000] {logging_mixin.py:151} INFO - [2023-11-21T16:17:36.197+0000] {dag.py:3722} INFO - Setting next_dagrun for Projet_IDD to None, run_after=None
[2023-11-21T16:17:36.218+0000] {processor.py:179} INFO - Processing /opt/airflow/dags/aa.py took 0.412 seconds
[2023-11-21T16:18:06.515+0000] {processor.py:157} INFO - Started process (PID=569) to work on /opt/airflow/dags/aa.py
[2023-11-21T16:18:06.516+0000] {processor.py:829} INFO - Processing file /opt/airflow/dags/aa.py for tasks to queue
[2023-11-21T16:18:06.517+0000] {logging_mixin.py:151} INFO - [2023-11-21T16:18:06.517+0000] {dagbag.py:536} INFO - Filling up the DagBag from /opt/airflow/dags/aa.py
[2023-11-21T16:18:06.885+0000] {processor.py:839} INFO - DAG(s) dict_keys(['Projet_IDD']) retrieved from /opt/airflow/dags/aa.py
[2023-11-21T16:18:06.909+0000] {logging_mixin.py:151} INFO - [2023-11-21T16:18:06.909+0000] {dag.py:2941} INFO - Sync 1 DAGs
[2023-11-21T16:18:06.918+0000] {logging_mixin.py:151} INFO - [2023-11-21T16:18:06.918+0000] {dag.py:3722} INFO - Setting next_dagrun for Projet_IDD to None, run_after=None
[2023-11-21T16:18:06.938+0000] {processor.py:179} INFO - Processing /opt/airflow/dags/aa.py took 0.425 seconds
[2023-11-21T16:18:37.214+0000] {processor.py:157} INFO - Started process (PID=580) to work on /opt/airflow/dags/aa.py
[2023-11-21T16:18:37.215+0000] {processor.py:829} INFO - Processing file /opt/airflow/dags/aa.py for tasks to queue
[2023-11-21T16:18:37.217+0000] {logging_mixin.py:151} INFO - [2023-11-21T16:18:37.216+0000] {dagbag.py:536} INFO - Filling up the DagBag from /opt/airflow/dags/aa.py
[2023-11-21T16:18:37.669+0000] {processor.py:839} INFO - DAG(s) dict_keys(['Projet_IDD']) retrieved from /opt/airflow/dags/aa.py
[2023-11-21T16:18:37.696+0000] {logging_mixin.py:151} INFO - [2023-11-21T16:18:37.696+0000] {dag.py:2941} INFO - Sync 1 DAGs
[2023-11-21T16:18:37.706+0000] {logging_mixin.py:151} INFO - [2023-11-21T16:18:37.705+0000] {dag.py:3722} INFO - Setting next_dagrun for Projet_IDD to None, run_after=None
[2023-11-21T16:18:37.726+0000] {processor.py:179} INFO - Processing /opt/airflow/dags/aa.py took 0.516 seconds
[2023-11-21T16:19:08.006+0000] {processor.py:157} INFO - Started process (PID=591) to work on /opt/airflow/dags/aa.py
[2023-11-21T16:19:08.007+0000] {processor.py:829} INFO - Processing file /opt/airflow/dags/aa.py for tasks to queue
[2023-11-21T16:19:08.008+0000] {logging_mixin.py:151} INFO - [2023-11-21T16:19:08.008+0000] {dagbag.py:536} INFO - Filling up the DagBag from /opt/airflow/dags/aa.py
[2023-11-21T16:19:08.462+0000] {processor.py:839} INFO - DAG(s) dict_keys(['Projet_IDD']) retrieved from /opt/airflow/dags/aa.py
[2023-11-21T16:19:08.490+0000] {logging_mixin.py:151} INFO - [2023-11-21T16:19:08.490+0000] {dag.py:2941} INFO - Sync 1 DAGs
[2023-11-21T16:19:08.505+0000] {logging_mixin.py:151} INFO - [2023-11-21T16:19:08.504+0000] {dag.py:3722} INFO - Setting next_dagrun for Projet_IDD to None, run_after=None
[2023-11-21T16:19:08.532+0000] {processor.py:179} INFO - Processing /opt/airflow/dags/aa.py took 0.530 seconds
[2023-11-21T16:19:38.814+0000] {processor.py:157} INFO - Started process (PID=602) to work on /opt/airflow/dags/aa.py
[2023-11-21T16:19:38.815+0000] {processor.py:829} INFO - Processing file /opt/airflow/dags/aa.py for tasks to queue
[2023-11-21T16:19:38.816+0000] {logging_mixin.py:151} INFO - [2023-11-21T16:19:38.816+0000] {dagbag.py:536} INFO - Filling up the DagBag from /opt/airflow/dags/aa.py
[2023-11-21T16:19:39.184+0000] {processor.py:839} INFO - DAG(s) dict_keys(['Projet_IDD']) retrieved from /opt/airflow/dags/aa.py
[2023-11-21T16:19:39.200+0000] {logging_mixin.py:151} INFO - [2023-11-21T16:19:39.200+0000] {dag.py:2941} INFO - Sync 1 DAGs
[2023-11-21T16:19:39.208+0000] {logging_mixin.py:151} INFO - [2023-11-21T16:19:39.207+0000] {dag.py:3722} INFO - Setting next_dagrun for Projet_IDD to None, run_after=None
[2023-11-21T16:19:39.229+0000] {processor.py:179} INFO - Processing /opt/airflow/dags/aa.py took 0.418 seconds
[2023-11-21T16:20:05.525+0000] {processor.py:157} INFO - Started process (PID=613) to work on /opt/airflow/dags/aa.py
[2023-11-21T16:20:05.526+0000] {processor.py:829} INFO - Processing file /opt/airflow/dags/aa.py for tasks to queue
[2023-11-21T16:20:05.528+0000] {logging_mixin.py:151} INFO - [2023-11-21T16:20:05.527+0000] {dagbag.py:536} INFO - Filling up the DagBag from /opt/airflow/dags/aa.py
[2023-11-21T16:20:06.065+0000] {processor.py:839} INFO - DAG(s) dict_keys(['Projet_IDD']) retrieved from /opt/airflow/dags/aa.py
[2023-11-21T16:20:06.083+0000] {logging_mixin.py:151} INFO - [2023-11-21T16:20:06.082+0000] {dag.py:2941} INFO - Sync 1 DAGs
[2023-11-21T16:20:06.093+0000] {logging_mixin.py:151} INFO - [2023-11-21T16:20:06.093+0000] {dag.py:3722} INFO - Setting next_dagrun for Projet_IDD to None, run_after=None
[2023-11-21T16:20:06.126+0000] {processor.py:179} INFO - Processing /opt/airflow/dags/aa.py took 0.606 seconds
[2023-11-21T16:20:36.555+0000] {processor.py:157} INFO - Started process (PID=625) to work on /opt/airflow/dags/aa.py
[2023-11-21T16:20:36.556+0000] {processor.py:829} INFO - Processing file /opt/airflow/dags/aa.py for tasks to queue
[2023-11-21T16:20:36.557+0000] {logging_mixin.py:151} INFO - [2023-11-21T16:20:36.557+0000] {dagbag.py:536} INFO - Filling up the DagBag from /opt/airflow/dags/aa.py
[2023-11-21T16:20:36.922+0000] {processor.py:839} INFO - DAG(s) dict_keys(['Projet_IDD']) retrieved from /opt/airflow/dags/aa.py
[2023-11-21T16:20:36.940+0000] {logging_mixin.py:151} INFO - [2023-11-21T16:20:36.940+0000] {dag.py:2941} INFO - Sync 1 DAGs
[2023-11-21T16:20:36.948+0000] {logging_mixin.py:151} INFO - [2023-11-21T16:20:36.948+0000] {dag.py:3722} INFO - Setting next_dagrun for Projet_IDD to None, run_after=None
[2023-11-21T16:20:36.966+0000] {processor.py:179} INFO - Processing /opt/airflow/dags/aa.py took 0.414 seconds
[2023-11-21T16:20:53.182+0000] {processor.py:157} INFO - Started process (PID=634) to work on /opt/airflow/dags/aa.py
[2023-11-21T16:20:53.183+0000] {processor.py:829} INFO - Processing file /opt/airflow/dags/aa.py for tasks to queue
[2023-11-21T16:20:53.184+0000] {logging_mixin.py:151} INFO - [2023-11-21T16:20:53.183+0000] {dagbag.py:536} INFO - Filling up the DagBag from /opt/airflow/dags/aa.py
[2023-11-21T16:20:53.552+0000] {processor.py:839} INFO - DAG(s) dict_keys(['Projet_IDD']) retrieved from /opt/airflow/dags/aa.py
[2023-11-21T16:20:53.570+0000] {logging_mixin.py:151} INFO - [2023-11-21T16:20:53.570+0000] {dag.py:2941} INFO - Sync 1 DAGs
[2023-11-21T16:20:53.578+0000] {logging_mixin.py:151} INFO - [2023-11-21T16:20:53.578+0000] {dag.py:3722} INFO - Setting next_dagrun for Projet_IDD to None, run_after=None
[2023-11-21T16:20:53.600+0000] {processor.py:179} INFO - Processing /opt/airflow/dags/aa.py took 0.421 seconds
[2023-11-21T16:21:23.952+0000] {processor.py:157} INFO - Started process (PID=645) to work on /opt/airflow/dags/aa.py
[2023-11-21T16:21:23.953+0000] {processor.py:829} INFO - Processing file /opt/airflow/dags/aa.py for tasks to queue
[2023-11-21T16:21:23.954+0000] {logging_mixin.py:151} INFO - [2023-11-21T16:21:23.954+0000] {dagbag.py:536} INFO - Filling up the DagBag from /opt/airflow/dags/aa.py
[2023-11-21T16:21:24.308+0000] {processor.py:839} INFO - DAG(s) dict_keys(['Projet_IDD']) retrieved from /opt/airflow/dags/aa.py
[2023-11-21T16:21:24.330+0000] {logging_mixin.py:151} INFO - [2023-11-21T16:21:24.330+0000] {dag.py:2941} INFO - Sync 1 DAGs
[2023-11-21T16:21:24.342+0000] {logging_mixin.py:151} INFO - [2023-11-21T16:21:24.342+0000] {dag.py:3722} INFO - Setting next_dagrun for Projet_IDD to None, run_after=None
[2023-11-21T16:21:24.360+0000] {processor.py:179} INFO - Processing /opt/airflow/dags/aa.py took 0.411 seconds
[2023-11-21T16:21:54.724+0000] {processor.py:157} INFO - Started process (PID=658) to work on /opt/airflow/dags/aa.py
[2023-11-21T16:21:54.725+0000] {processor.py:829} INFO - Processing file /opt/airflow/dags/aa.py for tasks to queue
[2023-11-21T16:21:54.726+0000] {logging_mixin.py:151} INFO - [2023-11-21T16:21:54.726+0000] {dagbag.py:536} INFO - Filling up the DagBag from /opt/airflow/dags/aa.py
[2023-11-21T16:21:55.107+0000] {processor.py:839} INFO - DAG(s) dict_keys(['Projet_IDD']) retrieved from /opt/airflow/dags/aa.py
[2023-11-21T16:21:55.125+0000] {logging_mixin.py:151} INFO - [2023-11-21T16:21:55.125+0000] {dag.py:2941} INFO - Sync 1 DAGs
[2023-11-21T16:21:55.133+0000] {logging_mixin.py:151} INFO - [2023-11-21T16:21:55.133+0000] {dag.py:3722} INFO - Setting next_dagrun for Projet_IDD to None, run_after=None
[2023-11-21T16:21:55.154+0000] {processor.py:179} INFO - Processing /opt/airflow/dags/aa.py took 0.433 seconds
[2023-11-21T16:22:25.439+0000] {processor.py:157} INFO - Started process (PID=669) to work on /opt/airflow/dags/aa.py
[2023-11-21T16:22:25.441+0000] {processor.py:829} INFO - Processing file /opt/airflow/dags/aa.py for tasks to queue
[2023-11-21T16:22:25.442+0000] {logging_mixin.py:151} INFO - [2023-11-21T16:22:25.442+0000] {dagbag.py:536} INFO - Filling up the DagBag from /opt/airflow/dags/aa.py
[2023-11-21T16:22:25.831+0000] {processor.py:839} INFO - DAG(s) dict_keys(['Projet_IDD']) retrieved from /opt/airflow/dags/aa.py
[2023-11-21T16:22:25.849+0000] {logging_mixin.py:151} INFO - [2023-11-21T16:22:25.848+0000] {dag.py:2941} INFO - Sync 1 DAGs
[2023-11-21T16:22:25.858+0000] {logging_mixin.py:151} INFO - [2023-11-21T16:22:25.858+0000] {dag.py:3722} INFO - Setting next_dagrun for Projet_IDD to None, run_after=None
[2023-11-21T16:22:25.878+0000] {processor.py:179} INFO - Processing /opt/airflow/dags/aa.py took 0.442 seconds
[2023-11-21T16:22:56.185+0000] {processor.py:157} INFO - Started process (PID=680) to work on /opt/airflow/dags/aa.py
[2023-11-21T16:22:56.186+0000] {processor.py:829} INFO - Processing file /opt/airflow/dags/aa.py for tasks to queue
[2023-11-21T16:22:56.187+0000] {logging_mixin.py:151} INFO - [2023-11-21T16:22:56.187+0000] {dagbag.py:536} INFO - Filling up the DagBag from /opt/airflow/dags/aa.py
[2023-11-21T16:22:56.674+0000] {processor.py:839} INFO - DAG(s) dict_keys(['Projet_IDD']) retrieved from /opt/airflow/dags/aa.py
[2023-11-21T16:22:56.693+0000] {logging_mixin.py:151} INFO - [2023-11-21T16:22:56.693+0000] {dag.py:2941} INFO - Sync 1 DAGs
[2023-11-21T16:22:56.704+0000] {logging_mixin.py:151} INFO - [2023-11-21T16:22:56.704+0000] {dag.py:3722} INFO - Setting next_dagrun for Projet_IDD to None, run_after=None
[2023-11-21T16:22:56.725+0000] {processor.py:179} INFO - Processing /opt/airflow/dags/aa.py took 0.543 seconds
[2023-11-21T16:23:27.072+0000] {processor.py:157} INFO - Started process (PID=691) to work on /opt/airflow/dags/aa.py
[2023-11-21T16:23:27.073+0000] {processor.py:829} INFO - Processing file /opt/airflow/dags/aa.py for tasks to queue
[2023-11-21T16:23:27.074+0000] {logging_mixin.py:151} INFO - [2023-11-21T16:23:27.074+0000] {dagbag.py:536} INFO - Filling up the DagBag from /opt/airflow/dags/aa.py
[2023-11-21T16:23:27.495+0000] {processor.py:839} INFO - DAG(s) dict_keys(['Projet_IDD']) retrieved from /opt/airflow/dags/aa.py
[2023-11-21T16:23:27.519+0000] {logging_mixin.py:151} INFO - [2023-11-21T16:23:27.519+0000] {dag.py:2941} INFO - Sync 1 DAGs
[2023-11-21T16:23:27.531+0000] {logging_mixin.py:151} INFO - [2023-11-21T16:23:27.530+0000] {dag.py:3722} INFO - Setting next_dagrun for Projet_IDD to None, run_after=None
[2023-11-21T16:23:27.555+0000] {processor.py:179} INFO - Processing /opt/airflow/dags/aa.py took 0.486 seconds
[2023-11-21T16:23:57.841+0000] {processor.py:157} INFO - Started process (PID=702) to work on /opt/airflow/dags/aa.py
[2023-11-21T16:23:57.842+0000] {processor.py:829} INFO - Processing file /opt/airflow/dags/aa.py for tasks to queue
[2023-11-21T16:23:57.843+0000] {logging_mixin.py:151} INFO - [2023-11-21T16:23:57.843+0000] {dagbag.py:536} INFO - Filling up the DagBag from /opt/airflow/dags/aa.py
[2023-11-21T16:23:58.266+0000] {processor.py:839} INFO - DAG(s) dict_keys(['Projet_IDD']) retrieved from /opt/airflow/dags/aa.py
[2023-11-21T16:23:58.286+0000] {logging_mixin.py:151} INFO - [2023-11-21T16:23:58.285+0000] {dag.py:2941} INFO - Sync 1 DAGs
[2023-11-21T16:23:58.296+0000] {logging_mixin.py:151} INFO - [2023-11-21T16:23:58.296+0000] {dag.py:3722} INFO - Setting next_dagrun for Projet_IDD to None, run_after=None
[2023-11-21T16:23:58.320+0000] {processor.py:179} INFO - Processing /opt/airflow/dags/aa.py took 0.482 seconds
[2023-11-21T16:24:28.609+0000] {processor.py:157} INFO - Started process (PID=713) to work on /opt/airflow/dags/aa.py
[2023-11-21T16:24:28.610+0000] {processor.py:829} INFO - Processing file /opt/airflow/dags/aa.py for tasks to queue
[2023-11-21T16:24:28.612+0000] {logging_mixin.py:151} INFO - [2023-11-21T16:24:28.611+0000] {dagbag.py:536} INFO - Filling up the DagBag from /opt/airflow/dags/aa.py
[2023-11-21T16:24:29.031+0000] {processor.py:839} INFO - DAG(s) dict_keys(['Projet_IDD']) retrieved from /opt/airflow/dags/aa.py
[2023-11-21T16:24:29.053+0000] {logging_mixin.py:151} INFO - [2023-11-21T16:24:29.052+0000] {dag.py:2941} INFO - Sync 1 DAGs
[2023-11-21T16:24:29.063+0000] {logging_mixin.py:151} INFO - [2023-11-21T16:24:29.063+0000] {dag.py:3722} INFO - Setting next_dagrun for Projet_IDD to None, run_after=None
[2023-11-21T16:24:29.088+0000] {processor.py:179} INFO - Processing /opt/airflow/dags/aa.py took 0.481 seconds
[2023-11-21T16:24:59.361+0000] {processor.py:157} INFO - Started process (PID=724) to work on /opt/airflow/dags/aa.py
[2023-11-21T16:24:59.362+0000] {processor.py:829} INFO - Processing file /opt/airflow/dags/aa.py for tasks to queue
[2023-11-21T16:24:59.364+0000] {logging_mixin.py:151} INFO - [2023-11-21T16:24:59.363+0000] {dagbag.py:536} INFO - Filling up the DagBag from /opt/airflow/dags/aa.py
[2023-11-21T16:24:59.848+0000] {processor.py:839} INFO - DAG(s) dict_keys(['Projet_IDD']) retrieved from /opt/airflow/dags/aa.py
[2023-11-21T16:24:59.869+0000] {logging_mixin.py:151} INFO - [2023-11-21T16:24:59.868+0000] {dag.py:2941} INFO - Sync 1 DAGs
[2023-11-21T16:24:59.879+0000] {logging_mixin.py:151} INFO - [2023-11-21T16:24:59.878+0000] {dag.py:3722} INFO - Setting next_dagrun for Projet_IDD to None, run_after=None
[2023-11-21T16:24:59.903+0000] {processor.py:179} INFO - Processing /opt/airflow/dags/aa.py took 0.547 seconds
[2023-11-21T16:25:30.173+0000] {processor.py:157} INFO - Started process (PID=735) to work on /opt/airflow/dags/aa.py
[2023-11-21T16:25:30.174+0000] {processor.py:829} INFO - Processing file /opt/airflow/dags/aa.py for tasks to queue
[2023-11-21T16:25:30.176+0000] {logging_mixin.py:151} INFO - [2023-11-21T16:25:30.175+0000] {dagbag.py:536} INFO - Filling up the DagBag from /opt/airflow/dags/aa.py
[2023-11-21T16:25:30.676+0000] {processor.py:839} INFO - DAG(s) dict_keys(['Projet_IDD']) retrieved from /opt/airflow/dags/aa.py
[2023-11-21T16:25:30.707+0000] {logging_mixin.py:151} INFO - [2023-11-21T16:25:30.706+0000] {dag.py:2941} INFO - Sync 1 DAGs
[2023-11-21T16:25:30.720+0000] {logging_mixin.py:151} INFO - [2023-11-21T16:25:30.720+0000] {dag.py:3722} INFO - Setting next_dagrun for Projet_IDD to None, run_after=None
[2023-11-21T16:25:30.754+0000] {processor.py:179} INFO - Processing /opt/airflow/dags/aa.py took 0.583 seconds
