[2023-11-22T19:23:16.564+0000] {taskinstance.py:1159} INFO - Dependencies all met for dep_context=non-requeueable deps ti=<TaskInstance: Projet_IDD.extract_and_transform manual__2023-11-22T19:23:13.771563+00:00 [queued]>
[2023-11-22T19:23:16.573+0000] {taskinstance.py:1159} INFO - Dependencies all met for dep_context=requeueable deps ti=<TaskInstance: Projet_IDD.extract_and_transform manual__2023-11-22T19:23:13.771563+00:00 [queued]>
[2023-11-22T19:23:16.574+0000] {taskinstance.py:1361} INFO - Starting attempt 1 of 1
[2023-11-22T19:23:16.586+0000] {taskinstance.py:1382} INFO - Executing <Task(PythonOperator): extract_and_transform> on 2023-11-22 19:23:13.771563+00:00
[2023-11-22T19:23:16.591+0000] {standard_task_runner.py:57} INFO - Started process 1675 to run task
[2023-11-22T19:23:16.594+0000] {standard_task_runner.py:84} INFO - Running: ['***', 'tasks', 'run', 'Projet_IDD', 'extract_and_transform', 'manual__2023-11-22T19:23:13.771563+00:00', '--job-id', '30', '--raw', '--subdir', 'DAGS_FOLDER/ETL.py', '--cfg-path', '/tmp/tmp1f8tygla']
[2023-11-22T19:23:16.597+0000] {standard_task_runner.py:85} INFO - Job 30: Subtask extract_and_transform
[2023-11-22T19:23:16.635+0000] {task_command.py:416} INFO - Running <TaskInstance: Projet_IDD.extract_and_transform manual__2023-11-22T19:23:13.771563+00:00 [running]> on host 006c0c385fe8
[2023-11-22T19:23:16.825+0000] {taskinstance.py:1662} INFO - Exporting env vars: AIRFLOW_CTX_DAG_OWNER='***' AIRFLOW_CTX_DAG_ID='Projet_IDD' AIRFLOW_CTX_TASK_ID='extract_and_transform' AIRFLOW_CTX_EXECUTION_DATE='2023-11-22T19:23:13.771563+00:00' AIRFLOW_CTX_TRY_NUMBER='1' AIRFLOW_CTX_DAG_RUN_ID='manual__2023-11-22T19:23:13.771563+00:00'
[2023-11-22T19:23:17.012+0000] {logging_mixin.py:151} INFO -   Code tranches         age
0             0   tous ages
1             A     0-4 ans
2             B    5-14 ans
3             C   15-44 ans
4             D   45-64 ans
5             E   65-74 ans
6             F  75 et plus
[2023-11-22T19:23:17.067+0000] {logging_mixin.py:151} INFO - 0       01
1       02
2       03
3       04
4       05
      ... 
96     971
97     972
98     973
99     974
100    976
Name: num_dep, Length: 101, dtype: object
[2023-11-22T19:23:17.076+0000] {base.py:73} INFO - Using connection ID 'postgres_connexion' for task execution.
[2023-11-22T19:23:25.721+0000] {base.py:73} INFO - Using connection ID 'postgres_connexion' for task execution.
[2023-11-22T19:23:25.759+0000] {base.py:73} INFO - Using connection ID 'postgres_connexion' for task execution.
[2023-11-22T19:23:25.840+0000] {python.py:194} INFO - Done. Returned value was: None
[2023-11-22T19:23:25.848+0000] {taskinstance.py:1400} INFO - Marking task as SUCCESS. dag_id=Projet_IDD, task_id=extract_and_transform, execution_date=20231122T192313, start_date=20231122T192316, end_date=20231122T192325
[2023-11-22T19:23:25.885+0000] {local_task_job_runner.py:228} INFO - Task exited with return code 0
[2023-11-22T19:23:25.901+0000] {taskinstance.py:2778} INFO - 1 downstream tasks scheduled from follow-on schedule check
