[2023-11-19T20:29:08.070+0000] {taskinstance.py:1159} INFO - Dependencies all met for dep_context=non-requeueable deps ti=<TaskInstance: FirstDag.templated scheduled__2023-11-18T20:28:47.916169+00:00 [queued]>
[2023-11-19T20:29:08.082+0000] {taskinstance.py:1159} INFO - Dependencies all met for dep_context=requeueable deps ti=<TaskInstance: FirstDag.templated scheduled__2023-11-18T20:28:47.916169+00:00 [queued]>
[2023-11-19T20:29:08.082+0000] {taskinstance.py:1361} INFO - Starting attempt 1 of 2
[2023-11-19T20:29:08.116+0000] {taskinstance.py:1382} INFO - Executing <Task(BashOperator): templated> on 2023-11-18 20:28:47.916169+00:00
[2023-11-19T20:29:08.129+0000] {standard_task_runner.py:57} INFO - Started process 2081 to run task
[2023-11-19T20:29:08.146+0000] {standard_task_runner.py:84} INFO - Running: ['***', 'tasks', 'run', 'FirstDag', 'templated', 'scheduled__2023-11-18T20:28:47.916169+00:00', '--job-id', '22', '--raw', '--subdir', 'DAGS_FOLDER/dag_sample.py', '--cfg-path', '/tmp/tmpemr0z_6f']
[2023-11-19T20:29:08.155+0000] {standard_task_runner.py:85} INFO - Job 22: Subtask templated
[2023-11-19T20:29:08.248+0000] {task_command.py:416} INFO - Running <TaskInstance: FirstDag.templated scheduled__2023-11-18T20:28:47.916169+00:00 [running]> on host 4a664210de45
[2023-11-19T20:29:08.499+0000] {taskinstance.py:1662} INFO - Exporting env vars: AIRFLOW_CTX_DAG_EMAIL='***@example.com' AIRFLOW_CTX_DAG_OWNER='***' AIRFLOW_CTX_DAG_ID='FirstDag' AIRFLOW_CTX_TASK_ID='templated' AIRFLOW_CTX_EXECUTION_DATE='2023-11-18T20:28:47.916169+00:00' AIRFLOW_CTX_TRY_NUMBER='1' AIRFLOW_CTX_DAG_RUN_ID='scheduled__2023-11-18T20:28:47.916169+00:00'
[2023-11-19T20:29:08.508+0000] {subprocess.py:63} INFO - Tmp dir root location: /tmp
[2023-11-19T20:29:08.512+0000] {subprocess.py:75} INFO - Running command: ['/bin/bash', '-c', '\n\n    echo "2023-11-18"\n    echo "2023-11-25"\n    echo "Parameter I passed in"\n\n    echo "2023-11-18"\n    echo "2023-11-25"\n    echo "Parameter I passed in"\n\n    echo "2023-11-18"\n    echo "2023-11-25"\n    echo "Parameter I passed in"\n\n    echo "2023-11-18"\n    echo "2023-11-25"\n    echo "Parameter I passed in"\n\n    echo "2023-11-18"\n    echo "2023-11-25"\n    echo "Parameter I passed in"\n']
[2023-11-19T20:29:08.617+0000] {subprocess.py:86} INFO - Output:
[2023-11-19T20:29:08.647+0000] {subprocess.py:93} INFO - 2023-11-18
[2023-11-19T20:29:08.651+0000] {subprocess.py:93} INFO - 2023-11-25
[2023-11-19T20:29:08.652+0000] {subprocess.py:93} INFO - Parameter I passed in
[2023-11-19T20:29:08.655+0000] {subprocess.py:93} INFO - 2023-11-18
[2023-11-19T20:29:08.656+0000] {subprocess.py:93} INFO - 2023-11-25
[2023-11-19T20:29:08.658+0000] {subprocess.py:93} INFO - Parameter I passed in
[2023-11-19T20:29:08.658+0000] {subprocess.py:93} INFO - 2023-11-18
[2023-11-19T20:29:08.658+0000] {subprocess.py:93} INFO - 2023-11-25
[2023-11-19T20:29:08.659+0000] {subprocess.py:93} INFO - Parameter I passed in
[2023-11-19T20:29:08.659+0000] {subprocess.py:93} INFO - 2023-11-18
[2023-11-19T20:29:08.659+0000] {subprocess.py:93} INFO - 2023-11-25
[2023-11-19T20:29:08.659+0000] {subprocess.py:93} INFO - Parameter I passed in
[2023-11-19T20:29:08.659+0000] {subprocess.py:93} INFO - 2023-11-18
[2023-11-19T20:29:08.659+0000] {subprocess.py:93} INFO - 2023-11-25
[2023-11-19T20:29:08.660+0000] {subprocess.py:93} INFO - Parameter I passed in
[2023-11-19T20:29:08.660+0000] {subprocess.py:97} INFO - Command exited with return code 0
[2023-11-19T20:29:08.767+0000] {taskinstance.py:1400} INFO - Marking task as SUCCESS. dag_id=FirstDag, task_id=templated, execution_date=20231118T202847, start_date=20231119T202908, end_date=20231119T202908
[2023-11-19T20:29:08.819+0000] {local_task_job_runner.py:228} INFO - Task exited with return code 0
[2023-11-19T20:29:08.867+0000] {taskinstance.py:2778} INFO - 0 downstream tasks scheduled from follow-on schedule check
