[2023-11-21T20:44:31.391+0000] {taskinstance.py:1159} INFO - Dependencies all met for dep_context=non-requeueable deps ti=<TaskInstance: Projet_IDD.create_key manual__2023-11-21T20:44:12.176747+00:00 [queued]>
[2023-11-21T20:44:31.402+0000] {taskinstance.py:1159} INFO - Dependencies all met for dep_context=requeueable deps ti=<TaskInstance: Projet_IDD.create_key manual__2023-11-21T20:44:12.176747+00:00 [queued]>
[2023-11-21T20:44:31.403+0000] {taskinstance.py:1361} INFO - Starting attempt 1 of 1
[2023-11-21T20:44:31.415+0000] {taskinstance.py:1382} INFO - Executing <Task(PostgresOperator): create_key> on 2023-11-21 20:44:12.176747+00:00
[2023-11-21T20:44:31.420+0000] {standard_task_runner.py:57} INFO - Started process 4208 to run task
[2023-11-21T20:44:31.423+0000] {standard_task_runner.py:84} INFO - Running: ['***', 'tasks', 'run', 'Projet_IDD', 'create_key', 'manual__2023-11-21T20:44:12.176747+00:00', '--job-id', '133', '--raw', '--subdir', 'DAGS_FOLDER/ETL.py', '--cfg-path', '/tmp/tmpw5dls18p']
[2023-11-21T20:44:31.426+0000] {standard_task_runner.py:85} INFO - Job 133: Subtask create_key
[2023-11-21T20:44:31.469+0000] {task_command.py:416} INFO - Running <TaskInstance: Projet_IDD.create_key manual__2023-11-21T20:44:12.176747+00:00 [running]> on host 726cce66553f
[2023-11-21T20:44:31.690+0000] {taskinstance.py:1662} INFO - Exporting env vars: AIRFLOW_CTX_DAG_OWNER='***' AIRFLOW_CTX_DAG_ID='Projet_IDD' AIRFLOW_CTX_TASK_ID='create_key' AIRFLOW_CTX_EXECUTION_DATE='2023-11-21T20:44:12.176747+00:00' AIRFLOW_CTX_TRY_NUMBER='1' AIRFLOW_CTX_DAG_RUN_ID='manual__2023-11-21T20:44:12.176747+00:00'
[2023-11-21T20:44:31.691+0000] {sql.py:274} INFO - Executing: ALTER TABLE departements
ADD CONSTRAINT departements_num_dep_key
UNIQUE (num_dep);


ALTER TABLE passages_corona
FOREIGN KEY (dep)
REFERENCES departements (num_dep);


ALTER TABLE passages_corona
ADD CONSTRAINT passages_corona_dep_fkey
FOREIGN KEY (sursaud_cl_age_corona)
REFERENCES tranches_dage (Code_tranches_dage);
[2023-11-21T20:44:31.700+0000] {base.py:73} INFO - Using connection ID 'postgres_connexion' for task execution.
[2023-11-21T20:44:31.708+0000] {base.py:73} INFO - Using connection ID 'postgres_connexion' for task execution.
[2023-11-21T20:44:31.723+0000] {sql.py:418} INFO - Running statement: ALTER TABLE departements
ADD CONSTRAINT departements_num_dep_key
UNIQUE (num_dep);


ALTER TABLE passages_corona
FOREIGN KEY (dep)
REFERENCES departements (num_dep);


ALTER TABLE passages_corona
ADD CONSTRAINT passages_corona_dep_fkey
FOREIGN KEY (sursaud_cl_age_corona)
REFERENCES tranches_dage (Code_tranches_dage);, parameters: None
[2023-11-21T20:44:31.730+0000] {taskinstance.py:1937} ERROR - Task failed with exception
Traceback (most recent call last):
  File "/home/airflow/.local/lib/python3.8/site-packages/airflow/providers/common/sql/operators/sql.py", line 280, in execute
    output = hook.run(
  File "/home/airflow/.local/lib/python3.8/site-packages/airflow/providers/common/sql/hooks/sql.py", line 392, in run
    self._run_command(cur, sql_statement, parameters)
  File "/home/airflow/.local/lib/python3.8/site-packages/airflow/providers/common/sql/hooks/sql.py", line 423, in _run_command
    cur.execute(sql_statement)
psycopg2.errors.SyntaxError: syntax error at or near "FOREIGN"
LINE 7: FOREIGN KEY (dep)
        ^

[2023-11-21T20:44:31.740+0000] {taskinstance.py:1400} INFO - Marking task as FAILED. dag_id=Projet_IDD, task_id=create_key, execution_date=20231121T204412, start_date=20231121T204431, end_date=20231121T204431
[2023-11-21T20:44:31.756+0000] {standard_task_runner.py:104} ERROR - Failed to execute job 133 for task create_key (syntax error at or near "FOREIGN"
LINE 7: FOREIGN KEY (dep)
        ^
; 4208)
[2023-11-21T20:44:31.798+0000] {local_task_job_runner.py:228} INFO - Task exited with return code 1
[2023-11-21T20:44:31.825+0000] {taskinstance.py:2778} INFO - 0 downstream tasks scheduled from follow-on schedule check
