[2023-11-21T18:27:37.621+0000] {taskinstance.py:1159} INFO - Dependencies all met for dep_context=non-requeueable deps ti=<TaskInstance: Projet_IDD.load_data manual__2023-11-21T18:27:34.518090+00:00 [queued]>
[2023-11-21T18:27:37.630+0000] {taskinstance.py:1159} INFO - Dependencies all met for dep_context=requeueable deps ti=<TaskInstance: Projet_IDD.load_data manual__2023-11-21T18:27:34.518090+00:00 [queued]>
[2023-11-21T18:27:37.631+0000] {taskinstance.py:1361} INFO - Starting attempt 1 of 1
[2023-11-21T18:27:37.642+0000] {taskinstance.py:1382} INFO - Executing <Task(PythonOperator): load_data> on 2023-11-21 18:27:34.518090+00:00
[2023-11-21T18:27:37.647+0000] {standard_task_runner.py:57} INFO - Started process 1484 to run task
[2023-11-21T18:27:37.650+0000] {standard_task_runner.py:84} INFO - Running: ['***', 'tasks', 'run', 'Projet_IDD', 'load_data', 'manual__2023-11-21T18:27:34.518090+00:00', '--job-id', '31', '--raw', '--subdir', 'DAGS_FOLDER/ETL.py', '--cfg-path', '/tmp/tmpq3mpl4u4']
[2023-11-21T18:27:37.653+0000] {standard_task_runner.py:85} INFO - Job 31: Subtask load_data
[2023-11-21T18:27:37.693+0000] {task_command.py:416} INFO - Running <TaskInstance: Projet_IDD.load_data manual__2023-11-21T18:27:34.518090+00:00 [running]> on host 726cce66553f
[2023-11-21T18:27:37.882+0000] {taskinstance.py:1662} INFO - Exporting env vars: AIRFLOW_CTX_DAG_OWNER='***' AIRFLOW_CTX_DAG_ID='Projet_IDD' AIRFLOW_CTX_TASK_ID='load_data' AIRFLOW_CTX_EXECUTION_DATE='2023-11-21T18:27:34.518090+00:00' AIRFLOW_CTX_TRY_NUMBER='1' AIRFLOW_CTX_DAG_RUN_ID='manual__2023-11-21T18:27:34.518090+00:00'
[2023-11-21T18:27:38.002+0000] {logging_mixin.py:151} INFO -      num_dep                 dep_name                 region_name
0          1                      Ain        Auvergne-Rhône-Alpes
1          2                    Aisne             Hauts-de-France
2          3                   Allier        Auvergne-Rhône-Alpes
3          4  Alpes-de-Haute-Provence  Provence-Alpes-Côte d'Azur
4          5             Hautes-Alpes  Provence-Alpes-Côte d'Azur
..       ...                      ...                         ...
96       971               Guadeloupe                  Guadeloupe
97       972               Martinique                  Martinique
98       973                   Guyane                      Guyane
99       974               La Réunion                  La Réunion
100      976                  Mayotte                     Mayotte

[101 rows x 3 columns]
[2023-11-21T18:27:38.003+0000] {python.py:194} INFO - Done. Returned value was: None
[2023-11-21T18:27:38.014+0000] {taskinstance.py:1400} INFO - Marking task as SUCCESS. dag_id=Projet_IDD, task_id=load_data, execution_date=20231121T182734, start_date=20231121T182737, end_date=20231121T182738
[2023-11-21T18:27:38.066+0000] {local_task_job_runner.py:228} INFO - Task exited with return code 0
[2023-11-21T18:27:38.080+0000] {taskinstance.py:2778} INFO - 0 downstream tasks scheduled from follow-on schedule check
