[2023-11-24T14:24:09.358+0000] {taskinstance.py:1159} INFO - Dependencies all met for dep_context=non-requeueable deps ti=<TaskInstance: Projet_IDD.create_key manual__2023-11-24T14:24:05.005915+00:00 [queued]>
[2023-11-24T14:24:09.366+0000] {taskinstance.py:1159} INFO - Dependencies all met for dep_context=requeueable deps ti=<TaskInstance: Projet_IDD.create_key manual__2023-11-24T14:24:05.005915+00:00 [queued]>
[2023-11-24T14:24:09.368+0000] {taskinstance.py:1361} INFO - Starting attempt 1 of 1
[2023-11-24T14:24:09.378+0000] {taskinstance.py:1382} INFO - Executing <Task(PostgresOperator): create_key> on 2023-11-24 14:24:05.005915+00:00
[2023-11-24T14:24:09.383+0000] {standard_task_runner.py:57} INFO - Started process 1507 to run task
[2023-11-24T14:24:09.385+0000] {standard_task_runner.py:84} INFO - Running: ['***', 'tasks', 'run', 'Projet_IDD', 'create_key', 'manual__2023-11-24T14:24:05.005915+00:00', '--job-id', '53', '--raw', '--subdir', 'DAGS_FOLDER/ETL.py', '--cfg-path', '/tmp/tmpgzbegpcy']
[2023-11-24T14:24:09.388+0000] {standard_task_runner.py:85} INFO - Job 53: Subtask create_key
[2023-11-24T14:24:09.427+0000] {task_command.py:416} INFO - Running <TaskInstance: Projet_IDD.create_key manual__2023-11-24T14:24:05.005915+00:00 [running]> on host efa6202eecdb
[2023-11-24T14:24:09.619+0000] {taskinstance.py:1662} INFO - Exporting env vars: AIRFLOW_CTX_DAG_OWNER='***' AIRFLOW_CTX_DAG_ID='Projet_IDD' AIRFLOW_CTX_TASK_ID='create_key' AIRFLOW_CTX_EXECUTION_DATE='2023-11-24T14:24:05.005915+00:00' AIRFLOW_CTX_TRY_NUMBER='1' AIRFLOW_CTX_DAG_RUN_ID='manual__2023-11-24T14:24:05.005915+00:00'
[2023-11-24T14:24:09.620+0000] {sql.py:274} INFO - Executing: ALTER TABLE departements
ADD CONSTRAINT departements_num_dep_key
UNIQUE (num_dep);


ALTER TABLE urgences
ADD CONSTRAINT urgences_dep_fkey
FOREIGN KEY (dep)
REFERENCES departements (num_dep);

ALTER TABLE urgences
ADD CONSTRAINT urgences_sursaud_cl_age_corona_fkey
FOREIGN KEY (sursaud_cl_age_corona)

[2023-11-24T14:24:09.628+0000] {base.py:73} INFO - Using connection ID 'postgres_connexion' for task execution.
[2023-11-24T14:24:09.635+0000] {base.py:73} INFO - Using connection ID 'postgres_connexion' for task execution.
[2023-11-24T14:24:09.646+0000] {sql.py:418} INFO - Running statement: ALTER TABLE departements
ADD CONSTRAINT departements_num_dep_key
UNIQUE (num_dep);


ALTER TABLE urgences
ADD CONSTRAINT urgences_dep_fkey
FOREIGN KEY (dep)
REFERENCES departements (num_dep);

ALTER TABLE urgences
ADD CONSTRAINT urgences_sursaud_cl_age_corona_fkey
FOREIGN KEY (sursaud_cl_age_corona)
, parameters: None
[2023-11-24T14:24:09.651+0000] {taskinstance.py:1937} ERROR - Task failed with exception
Traceback (most recent call last):
  File "/home/airflow/.local/lib/python3.8/site-packages/airflow/providers/common/sql/operators/sql.py", line 280, in execute
    output = hook.run(
  File "/home/airflow/.local/lib/python3.8/site-packages/airflow/providers/common/sql/hooks/sql.py", line 392, in run
    self._run_command(cur, sql_statement, parameters)
  File "/home/airflow/.local/lib/python3.8/site-packages/airflow/providers/common/sql/hooks/sql.py", line 423, in _run_command
    cur.execute(sql_statement)
psycopg2.errors.SyntaxError: syntax error at end of input
LINE 14: 
         ^

[2023-11-24T14:24:09.658+0000] {taskinstance.py:1400} INFO - Marking task as FAILED. dag_id=Projet_IDD, task_id=create_key, execution_date=20231124T142405, start_date=20231124T142409, end_date=20231124T142409
[2023-11-24T14:24:09.668+0000] {standard_task_runner.py:104} ERROR - Failed to execute job 53 for task create_key (syntax error at end of input
LINE 14: 
         ^
; 1507)
[2023-11-24T14:24:09.679+0000] {local_task_job_runner.py:228} INFO - Task exited with return code 1
[2023-11-24T14:24:09.693+0000] {taskinstance.py:2778} INFO - 0 downstream tasks scheduled from follow-on schedule check
