[2023-11-24T18:21:09.529+0000] {taskinstance.py:1159} INFO - Dependencies all met for dep_context=non-requeueable deps ti=<TaskInstance: Projet_IDD.create_key scheduled__2023-11-23T18:19:58.284434+00:00 [queued]>
[2023-11-24T18:21:09.538+0000] {taskinstance.py:1159} INFO - Dependencies all met for dep_context=requeueable deps ti=<TaskInstance: Projet_IDD.create_key scheduled__2023-11-23T18:19:58.284434+00:00 [queued]>
[2023-11-24T18:21:09.539+0000] {taskinstance.py:1361} INFO - Starting attempt 1 of 2
[2023-11-24T18:21:09.550+0000] {taskinstance.py:1382} INFO - Executing <Task(PostgresOperator): create_key> on 2023-11-23 18:19:58.284434+00:00
[2023-11-24T18:21:09.555+0000] {standard_task_runner.py:57} INFO - Started process 122 to run task
[2023-11-24T18:21:09.557+0000] {standard_task_runner.py:84} INFO - Running: ['***', 'tasks', 'run', 'Projet_IDD', 'create_key', 'scheduled__2023-11-23T18:19:58.284434+00:00', '--job-id', '11', '--raw', '--subdir', 'DAGS_FOLDER/ETL.py', '--cfg-path', '/tmp/tmpdiv2z2ko']
[2023-11-24T18:21:09.560+0000] {standard_task_runner.py:85} INFO - Job 11: Subtask create_key
[2023-11-24T18:21:09.601+0000] {task_command.py:416} INFO - Running <TaskInstance: Projet_IDD.create_key scheduled__2023-11-23T18:19:58.284434+00:00 [running]> on host d2fa4fd9c0bc
[2023-11-24T18:21:09.780+0000] {taskinstance.py:1662} INFO - Exporting env vars: AIRFLOW_CTX_DAG_EMAIL='***@example.com' AIRFLOW_CTX_DAG_OWNER='***' AIRFLOW_CTX_DAG_ID='Projet_IDD' AIRFLOW_CTX_TASK_ID='create_key' AIRFLOW_CTX_EXECUTION_DATE='2023-11-23T18:19:58.284434+00:00' AIRFLOW_CTX_TRY_NUMBER='1' AIRFLOW_CTX_DAG_RUN_ID='scheduled__2023-11-23T18:19:58.284434+00:00'
[2023-11-24T18:21:09.781+0000] {sql.py:274} INFO - Executing: -- Ajout d'une contrainte UNIQUE sur la colonne num_dep de la table departements
ALTER TABLE departements
ADD CONSTRAINT departements_num_dep_key
UNIQUE (num_dep);

-- Ajout d'une contrainte FOREIGN KEY sur la colonne dep de la table urgences_hosp
-- faisant référence à la colonne num_dep de la table departements
ALTER TABLE urgences_hosp
ADD CONSTRAINT urgences_hosp_dep_fkey
FOREIGN KEY (dep)
REFERENCES departements (num_dep);

-- Ajout d'une contrainte UNIQUE sur les colonnes num_dep et date_passage de la table hospitalisation
ALTER TABLE hospitalisation
ADD CONSTRAINT hospitalisation_key
UNIQUE (num_dep, date_passage);

-- Ajout d'une contrainte FOREIGN KEY sur les colonnes dep et date_de_passage de la table urgences_hosp
-- faisant référence aux colonnes num_dep et date_passage de la table hospitalisation
ALTER TABLE urgences_hosp
ADD CONSTRAINT urgences_hosp_hospitalisation_fkey
FOREIGN KEY (dep, date_de_passage)
REFERENCES hospitalisation (num_dep, date_passage);

-- Ajout d'une contrainte UNIQUE sur les colonnes num_dep, code_tranches_dage et date_de_passage de la table passage_urgence
ALTER TABLE passage_urgence
ADD CONSTRAINT passage_urgence_key
UNIQUE (num_dep, code_tranches_dage, date_de_passage);

-- Ajout d'une contrainte FOREIGN KEY sur les colonnes dep, sursaud_cl_age_corona et date_de_passage de la table urgences_hosp
-- faisant référence aux colonnes num_dep, code_tranches_dage et date_de_passage de la table passage_urgence
ALTER TABLE urgences_hosp
ADD CONSTRAINT urgences_hosp_passage_urgence_fkey
FOREIGN KEY (dep, sursaud_cl_age_corona, date_de_passage)
REFERENCES passage_urgence (num_dep, code_tranches_dage, date_de_passage);

[2023-11-24T18:21:09.788+0000] {base.py:73} INFO - Using connection ID 'postgres_connexion' for task execution.
[2023-11-24T18:21:09.794+0000] {base.py:73} INFO - Using connection ID 'postgres_connexion' for task execution.
[2023-11-24T18:21:09.805+0000] {sql.py:418} INFO - Running statement: -- Ajout d'une contrainte UNIQUE sur la colonne num_dep de la table departements
ALTER TABLE departements
ADD CONSTRAINT departements_num_dep_key
UNIQUE (num_dep);

-- Ajout d'une contrainte FOREIGN KEY sur la colonne dep de la table urgences_hosp
-- faisant référence à la colonne num_dep de la table departements
ALTER TABLE urgences_hosp
ADD CONSTRAINT urgences_hosp_dep_fkey
FOREIGN KEY (dep)
REFERENCES departements (num_dep);

-- Ajout d'une contrainte UNIQUE sur les colonnes num_dep et date_passage de la table hospitalisation
ALTER TABLE hospitalisation
ADD CONSTRAINT hospitalisation_key
UNIQUE (num_dep, date_passage);

-- Ajout d'une contrainte FOREIGN KEY sur les colonnes dep et date_de_passage de la table urgences_hosp
-- faisant référence aux colonnes num_dep et date_passage de la table hospitalisation
ALTER TABLE urgences_hosp
ADD CONSTRAINT urgences_hosp_hospitalisation_fkey
FOREIGN KEY (dep, date_de_passage)
REFERENCES hospitalisation (num_dep, date_passage);

-- Ajout d'une contrainte UNIQUE sur les colonnes num_dep, code_tranches_dage et date_de_passage de la table passage_urgence
ALTER TABLE passage_urgence
ADD CONSTRAINT passage_urgence_key
UNIQUE (num_dep, code_tranches_dage, date_de_passage);

-- Ajout d'une contrainte FOREIGN KEY sur les colonnes dep, sursaud_cl_age_corona et date_de_passage de la table urgences_hosp
-- faisant référence aux colonnes num_dep, code_tranches_dage et date_de_passage de la table passage_urgence
ALTER TABLE urgences_hosp
ADD CONSTRAINT urgences_hosp_passage_urgence_fkey
FOREIGN KEY (dep, sursaud_cl_age_corona, date_de_passage)
REFERENCES passage_urgence (num_dep, code_tranches_dage, date_de_passage);
, parameters: None
[2023-11-24T18:21:10.570+0000] {taskinstance.py:1400} INFO - Marking task as SUCCESS. dag_id=Projet_IDD, task_id=create_key, execution_date=20231123T181958, start_date=20231124T182109, end_date=20231124T182110
[2023-11-24T18:21:10.616+0000] {local_task_job_runner.py:228} INFO - Task exited with return code 0
[2023-11-24T18:21:10.642+0000] {taskinstance.py:2778} INFO - 1 downstream tasks scheduled from follow-on schedule check
