[2023-11-19T20:12:21.101+0000] {taskinstance.py:1159} INFO - Dependencies all met for dep_context=non-requeueable deps ti=<TaskInstance: ETL.create_table manual__2023-11-19T20:12:18.607198+00:00 [queued]>
[2023-11-19T20:12:21.109+0000] {taskinstance.py:1159} INFO - Dependencies all met for dep_context=requeueable deps ti=<TaskInstance: ETL.create_table manual__2023-11-19T20:12:18.607198+00:00 [queued]>
[2023-11-19T20:12:21.109+0000] {taskinstance.py:1361} INFO - Starting attempt 1 of 1
[2023-11-19T20:12:21.117+0000] {taskinstance.py:1382} INFO - Executing <Task(PostgresOperator): create_table> on 2023-11-19 20:12:18.607198+00:00
[2023-11-19T20:12:21.143+0000] {standard_task_runner.py:57} INFO - Started process 1817 to run task
[2023-11-19T20:12:21.145+0000] {standard_task_runner.py:84} INFO - Running: ['***', 'tasks', 'run', 'ETL', 'create_table', 'manual__2023-11-19T20:12:18.607198+00:00', '--job-id', '19', '--raw', '--subdir', 'DAGS_FOLDER/dag_sample.py', '--cfg-path', '/tmp/tmp9nvzuu38']
[2023-11-19T20:12:21.155+0000] {standard_task_runner.py:85} INFO - Job 19: Subtask create_table
[2023-11-19T20:12:21.229+0000] {task_command.py:416} INFO - Running <TaskInstance: ETL.create_table manual__2023-11-19T20:12:18.607198+00:00 [running]> on host 4a664210de45
[2023-11-19T20:12:22.308+0000] {taskinstance.py:1662} INFO - Exporting env vars: AIRFLOW_CTX_DAG_OWNER='***' AIRFLOW_CTX_DAG_ID='ETL' AIRFLOW_CTX_TASK_ID='create_table' AIRFLOW_CTX_EXECUTION_DATE='2023-11-19T20:12:18.607198+00:00' AIRFLOW_CTX_TRY_NUMBER='1' AIRFLOW_CTX_DAG_RUN_ID='manual__2023-11-19T20:12:18.607198+00:00'
[2023-11-19T20:12:22.322+0000] {sql.py:274} INFO - Executing: CREATE TABLE IF NOT EXISTS analyse_prix(
      code_commune VARCHAR(10),
      prix_moyen FLOAT
    );
[2023-11-19T20:12:22.371+0000] {base.py:73} INFO - Using connection ID 'postgres_connexion' for task execution.
[2023-11-19T20:12:22.414+0000] {base.py:73} INFO - Using connection ID 'postgres_connexion' for task execution.
[2023-11-19T20:12:22.545+0000] {sql.py:418} INFO - Running statement: CREATE TABLE IF NOT EXISTS analyse_prix(
      code_commune VARCHAR(10),
      prix_moyen FLOAT
    );, parameters: None
[2023-11-19T20:12:22.645+0000] {taskinstance.py:1400} INFO - Marking task as SUCCESS. dag_id=ETL, task_id=create_table, execution_date=20231119T201218, start_date=20231119T201221, end_date=20231119T201222
[2023-11-19T20:12:22.739+0000] {local_task_job_runner.py:228} INFO - Task exited with return code 0
[2023-11-19T20:12:22.906+0000] {taskinstance.py:2778} INFO - 0 downstream tasks scheduled from follow-on schedule check
