[2023-11-21T16:36:50.515+0000] {taskinstance.py:1159} INFO - Dependencies all met for dep_context=non-requeueable deps ti=<TaskInstance: Projet_IDD.extract_data manual__2023-11-21T16:36:49.565225+00:00 [queued]>
[2023-11-21T16:36:50.525+0000] {taskinstance.py:1159} INFO - Dependencies all met for dep_context=requeueable deps ti=<TaskInstance: Projet_IDD.extract_data manual__2023-11-21T16:36:49.565225+00:00 [queued]>
[2023-11-21T16:36:50.526+0000] {taskinstance.py:1361} INFO - Starting attempt 1 of 1
[2023-11-21T16:36:50.542+0000] {taskinstance.py:1382} INFO - Executing <Task(PythonOperator): extract_data> on 2023-11-21 16:36:49.565225+00:00
[2023-11-21T16:36:50.548+0000] {standard_task_runner.py:57} INFO - Started process 903 to run task
[2023-11-21T16:36:50.551+0000] {standard_task_runner.py:84} INFO - Running: ['***', 'tasks', 'run', 'Projet_IDD', 'extract_data', 'manual__2023-11-21T16:36:49.565225+00:00', '--job-id', '29', '--raw', '--subdir', 'DAGS_FOLDER/ETL.py', '--cfg-path', '/tmp/tmp0b7b9w_0']
[2023-11-21T16:36:50.554+0000] {standard_task_runner.py:85} INFO - Job 29: Subtask extract_data
[2023-11-21T16:36:50.598+0000] {task_command.py:416} INFO - Running <TaskInstance: Projet_IDD.extract_data manual__2023-11-21T16:36:49.565225+00:00 [running]> on host a27ca4debaad
[2023-11-21T16:36:50.834+0000] {taskinstance.py:1662} INFO - Exporting env vars: AIRFLOW_CTX_DAG_OWNER='***' AIRFLOW_CTX_DAG_ID='Projet_IDD' AIRFLOW_CTX_TASK_ID='extract_data' AIRFLOW_CTX_EXECUTION_DATE='2023-11-21T16:36:49.565225+00:00' AIRFLOW_CTX_TRY_NUMBER='1' AIRFLOW_CTX_DAG_RUN_ID='manual__2023-11-21T16:36:49.565225+00:00'
[2023-11-21T16:36:51.024+0000] {python.py:194} INFO - Done. Returned value was:         dep date_de_passage  ...  nbre_acte_tot_h  nbre_acte_tot_f
0        01      2022-12-26  ...              NaN              NaN
1        01      2022-12-26  ...              NaN              NaN
2        01      2022-12-26  ...              NaN              NaN
3        01      2022-12-26  ...              NaN              NaN
4        01      2022-12-26  ...              NaN              NaN
...     ...             ...  ...              ...              ...
214216  976      2023-10-24  ...              NaN              NaN
214217  976      2023-10-24  ...              NaN              NaN
214218  976      2023-10-24  ...              NaN              NaN
214219  976      2023-10-24  ...              NaN              NaN
214220  976      2023-10-24  ...              NaN              NaN

[214221 rows x 18 columns]
[2023-11-21T16:36:51.270+0000] {taskinstance.py:1400} INFO - Marking task as SUCCESS. dag_id=Projet_IDD, task_id=extract_data, execution_date=20231121T163649, start_date=20231121T163650, end_date=20231121T163651
[2023-11-21T16:36:51.326+0000] {local_task_job_runner.py:228} INFO - Task exited with return code 0
[2023-11-21T16:36:51.339+0000] {taskinstance.py:2778} INFO - 0 downstream tasks scheduled from follow-on schedule check
