[2023-11-24T15:16:26.029+0000] {taskinstance.py:1159} INFO - Dependencies all met for dep_context=non-requeueable deps ti=<TaskInstance: Projet_IDD.extract_and_transform_laod manual__2023-11-24T15:16:23.029944+00:00 [queued]>
[2023-11-24T15:16:26.039+0000] {taskinstance.py:1159} INFO - Dependencies all met for dep_context=requeueable deps ti=<TaskInstance: Projet_IDD.extract_and_transform_laod manual__2023-11-24T15:16:23.029944+00:00 [queued]>
[2023-11-24T15:16:26.039+0000] {taskinstance.py:1361} INFO - Starting attempt 1 of 1
[2023-11-24T15:16:26.054+0000] {taskinstance.py:1382} INFO - Executing <Task(PythonOperator): extract_and_transform_laod> on 2023-11-24 15:16:23.029944+00:00
[2023-11-24T15:16:26.060+0000] {standard_task_runner.py:57} INFO - Started process 591 to run task
[2023-11-24T15:16:26.062+0000] {standard_task_runner.py:84} INFO - Running: ['***', 'tasks', 'run', 'Projet_IDD', 'extract_and_transform_laod', 'manual__2023-11-24T15:16:23.029944+00:00', '--job-id', '13', '--raw', '--subdir', 'DAGS_FOLDER/ETL.py', '--cfg-path', '/tmp/tmpvojr6k_z']
[2023-11-24T15:16:26.065+0000] {standard_task_runner.py:85} INFO - Job 13: Subtask extract_and_transform_laod
[2023-11-24T15:16:26.109+0000] {task_command.py:416} INFO - Running <TaskInstance: Projet_IDD.extract_and_transform_laod manual__2023-11-24T15:16:23.029944+00:00 [running]> on host 1697b77d64fd
[2023-11-24T15:16:26.290+0000] {taskinstance.py:1662} INFO - Exporting env vars: AIRFLOW_CTX_DAG_OWNER='***' AIRFLOW_CTX_DAG_ID='Projet_IDD' AIRFLOW_CTX_TASK_ID='extract_and_transform_laod' AIRFLOW_CTX_EXECUTION_DATE='2023-11-24T15:16:23.029944+00:00' AIRFLOW_CTX_TRY_NUMBER='1' AIRFLOW_CTX_DAG_RUN_ID='manual__2023-11-24T15:16:23.029944+00:00'
[2023-11-24T15:16:26.477+0000] {logging_mixin.py:151} INFO -   Code tranches         age
0             0   tous ages
1             A     0-4 ans
2             B    5-14 ans
3             C   15-44 ans
4             D   45-64 ans
5             E   65-74 ans
6             F  75 et plus
[2023-11-24T15:16:26.550+0000] {logging_mixin.py:151} INFO -         dep date_de_passage  ...  nbre_hospit_corona_h  nbre_hospit_corona_f
0        01      2022-12-26  ...                   1.0                   3.0
1        01      2022-12-26  ...                   NaN                   NaN
2        01      2022-12-26  ...                   NaN                   NaN
3        01      2022-12-26  ...                   NaN                   NaN
4        01      2022-12-26  ...                   NaN                   NaN
...     ...             ...  ...                   ...                   ...
214215  976      2023-10-24  ...                   NaN                   NaN
214216  976      2023-10-24  ...                   NaN                   NaN
214217  976      2023-10-24  ...                   NaN                   NaN
214218  976      2023-10-24  ...                   NaN                   NaN
214219  976      2023-10-24  ...                   NaN                   NaN

[212928 rows x 12 columns]
[2023-11-24T15:16:26.570+0000] {logging_mixin.py:151} INFO -         dep date_de_passage  ... nbre_hospit_corona_h  nbre_hospit_corona_f
0        01      2022-12-26  ...                  1.0                   3.0
1        01      2022-12-26  ...                  NaN                   NaN
2        01      2022-12-26  ...                  NaN                   NaN
3        01      2022-12-26  ...                  NaN                   NaN
4        01      2022-12-26  ...                  NaN                   NaN
...     ...             ...  ...                  ...                   ...
214215  976      2023-10-24  ...                  NaN                   NaN
214216  976      2023-10-24  ...                  NaN                   NaN
214217  976      2023-10-24  ...                  NaN                   NaN
214218  976      2023-10-24  ...                  NaN                   NaN
214219  976      2023-10-24  ...                  NaN                   NaN

[212928 rows x 12 columns]
[2023-11-24T15:16:26.572+0000] {logging_mixin.py:151} INFO - 0       01
1       02
2       03
3       04
4       05
      ... 
96     971
97     972
98     973
99     974
100    976
Name: num_dep, Length: 101, dtype: object
[2023-11-24T15:16:26.576+0000] {taskinstance.py:1937} ERROR - Task failed with exception
Traceback (most recent call last):
  File "/home/airflow/.local/lib/python3.8/site-packages/airflow/operators/python.py", line 192, in execute
    return_value = self.execute_callable()
  File "/home/airflow/.local/lib/python3.8/site-packages/airflow/operators/python.py", line 209, in execute_callable
    return self.python_callable(*self.op_args, **self.op_kwargs)
  File "/opt/airflow/dags/ETL.py", line 57, in extract_and_transform_laod
    df_hospitalisation = df_hospitalisation.drop_duplicates(subset=['num_dep', 'date_de_passage'])
  File "/home/airflow/.local/lib/python3.8/site-packages/pandas/core/frame.py", line 6522, in drop_duplicates
    result = self[-self.duplicated(subset, keep=keep)]
  File "/home/airflow/.local/lib/python3.8/site-packages/pandas/core/frame.py", line 6654, in duplicated
    raise KeyError(Index(diff))
KeyError: Index(['num_dep'], dtype='object')
[2023-11-24T15:16:26.593+0000] {taskinstance.py:1400} INFO - Marking task as FAILED. dag_id=Projet_IDD, task_id=extract_and_transform_laod, execution_date=20231124T151623, start_date=20231124T151626, end_date=20231124T151626
[2023-11-24T15:16:26.605+0000] {standard_task_runner.py:104} ERROR - Failed to execute job 13 for task extract_and_transform_laod (Index(['num_dep'], dtype='object'); 591)
[2023-11-24T15:16:26.638+0000] {local_task_job_runner.py:228} INFO - Task exited with return code 1
[2023-11-24T15:16:26.657+0000] {taskinstance.py:2778} INFO - 0 downstream tasks scheduled from follow-on schedule check
