[2023-11-21T16:33:28.056+0000] {taskinstance.py:1159} INFO - Dependencies all met for dep_context=non-requeueable deps ti=<TaskInstance: Projet.transform_and_load manual__2023-11-21T16:33:25.989084+00:00 [queued]>
[2023-11-21T16:33:28.065+0000] {taskinstance.py:1159} INFO - Dependencies all met for dep_context=requeueable deps ti=<TaskInstance: Projet.transform_and_load manual__2023-11-21T16:33:25.989084+00:00 [queued]>
[2023-11-21T16:33:28.066+0000] {taskinstance.py:1361} INFO - Starting attempt 1 of 1
[2023-11-21T16:33:28.077+0000] {taskinstance.py:1382} INFO - Executing <Task(PythonOperator): transform_and_load> on 2023-11-21 16:33:25.989084+00:00
[2023-11-21T16:33:28.083+0000] {standard_task_runner.py:57} INFO - Started process 818 to run task
[2023-11-21T16:33:28.085+0000] {standard_task_runner.py:84} INFO - Running: ['***', 'tasks', 'run', 'Projet', 'transform_and_load', 'manual__2023-11-21T16:33:25.989084+00:00', '--job-id', '24', '--raw', '--subdir', 'DAGS_FOLDER/ETL.py', '--cfg-path', '/tmp/tmp_iuudlm6']
[2023-11-21T16:33:28.088+0000] {standard_task_runner.py:85} INFO - Job 24: Subtask transform_and_load
[2023-11-21T16:33:28.128+0000] {task_command.py:416} INFO - Running <TaskInstance: Projet.transform_and_load manual__2023-11-21T16:33:25.989084+00:00 [running]> on host a27ca4debaad
[2023-11-21T16:33:28.311+0000] {taskinstance.py:1662} INFO - Exporting env vars: AIRFLOW_CTX_DAG_OWNER='***' AIRFLOW_CTX_DAG_ID='Projet' AIRFLOW_CTX_TASK_ID='transform_and_load' AIRFLOW_CTX_EXECUTION_DATE='2023-11-21T16:33:25.989084+00:00' AIRFLOW_CTX_TRY_NUMBER='1' AIRFLOW_CTX_DAG_RUN_ID='manual__2023-11-21T16:33:25.989084+00:00'
[2023-11-21T16:33:28.506+0000] {python.py:194} INFO - Done. Returned value was:         dep date_de_passage  ...  nbre_acte_tot_h  nbre_acte_tot_f
0        01      2022-12-26  ...              NaN              NaN
1        01      2022-12-26  ...              NaN              NaN
2        01      2022-12-26  ...              NaN              NaN
3        01      2022-12-26  ...              NaN              NaN
4        01      2022-12-26  ...              NaN              NaN
...     ...             ...  ...              ...              ...
214216  976      2023-10-24  ...              NaN              NaN
214217  976      2023-10-24  ...              NaN              NaN
214218  976      2023-10-24  ...              NaN              NaN
214219  976      2023-10-24  ...              NaN              NaN
214220  976      2023-10-24  ...              NaN              NaN

[214221 rows x 18 columns]
[2023-11-21T16:33:28.799+0000] {taskinstance.py:1400} INFO - Marking task as SUCCESS. dag_id=Projet, task_id=transform_and_load, execution_date=20231121T163325, start_date=20231121T163328, end_date=20231121T163328
[2023-11-21T16:33:28.823+0000] {local_task_job_runner.py:228} INFO - Task exited with return code 0
[2023-11-21T16:33:28.838+0000] {taskinstance.py:2778} INFO - 0 downstream tasks scheduled from follow-on schedule check
