[2023-11-24T15:45:21.568+0000] {taskinstance.py:1159} INFO - Dependencies all met for dep_context=non-requeueable deps ti=<TaskInstance: Projet_IDD.create_key manual__2023-11-24T15:45:09.477720+00:00 [queued]>
[2023-11-24T15:45:21.578+0000] {taskinstance.py:1159} INFO - Dependencies all met for dep_context=requeueable deps ti=<TaskInstance: Projet_IDD.create_key manual__2023-11-24T15:45:09.477720+00:00 [queued]>
[2023-11-24T15:45:21.579+0000] {taskinstance.py:1361} INFO - Starting attempt 1 of 1
[2023-11-24T15:45:21.591+0000] {taskinstance.py:1382} INFO - Executing <Task(PostgresOperator): create_key> on 2023-11-24 15:45:09.477720+00:00
[2023-11-24T15:45:21.597+0000] {standard_task_runner.py:57} INFO - Started process 1112 to run task
[2023-11-24T15:45:21.600+0000] {standard_task_runner.py:84} INFO - Running: ['***', 'tasks', 'run', 'Projet_IDD', 'create_key', 'manual__2023-11-24T15:45:09.477720+00:00', '--job-id', '40', '--raw', '--subdir', 'DAGS_FOLDER/ETL.py', '--cfg-path', '/tmp/tmpd8a8w9ni']
[2023-11-24T15:45:21.603+0000] {standard_task_runner.py:85} INFO - Job 40: Subtask create_key
[2023-11-24T15:45:21.642+0000] {task_command.py:416} INFO - Running <TaskInstance: Projet_IDD.create_key manual__2023-11-24T15:45:09.477720+00:00 [running]> on host 1697b77d64fd
[2023-11-24T15:45:21.833+0000] {taskinstance.py:1662} INFO - Exporting env vars: AIRFLOW_CTX_DAG_OWNER='***' AIRFLOW_CTX_DAG_ID='Projet_IDD' AIRFLOW_CTX_TASK_ID='create_key' AIRFLOW_CTX_EXECUTION_DATE='2023-11-24T15:45:09.477720+00:00' AIRFLOW_CTX_TRY_NUMBER='1' AIRFLOW_CTX_DAG_RUN_ID='manual__2023-11-24T15:45:09.477720+00:00'
[2023-11-24T15:45:21.835+0000] {sql.py:274} INFO - Executing: ALTER TABLE departements
ADD CONSTRAINT departements_num_dep_key
UNIQUE (num_dep);


ALTER TABLE urgences
ADD CONSTRAINT urgences_dep_fkey
FOREIGN KEY (dep)
REFERENCES departements (num_dep);

ALTER TABLE urgences
ADD CONSTRAINT urgences_sursaud_cl_age_corona_fkey
FOREIGN KEY (sursaud_cl_age_corona)

[2023-11-24T15:45:21.841+0000] {base.py:73} INFO - Using connection ID 'postgres_connexion' for task execution.
[2023-11-24T15:45:21.848+0000] {base.py:73} INFO - Using connection ID 'postgres_connexion' for task execution.
[2023-11-24T15:45:21.858+0000] {sql.py:418} INFO - Running statement: ALTER TABLE departements
ADD CONSTRAINT departements_num_dep_key
UNIQUE (num_dep);


ALTER TABLE urgences
ADD CONSTRAINT urgences_dep_fkey
FOREIGN KEY (dep)
REFERENCES departements (num_dep);

ALTER TABLE urgences
ADD CONSTRAINT urgences_sursaud_cl_age_corona_fkey
FOREIGN KEY (sursaud_cl_age_corona)
, parameters: None
[2023-11-24T15:45:21.862+0000] {taskinstance.py:1937} ERROR - Task failed with exception
Traceback (most recent call last):
  File "/home/airflow/.local/lib/python3.8/site-packages/airflow/providers/common/sql/operators/sql.py", line 280, in execute
    output = hook.run(
  File "/home/airflow/.local/lib/python3.8/site-packages/airflow/providers/common/sql/hooks/sql.py", line 392, in run
    self._run_command(cur, sql_statement, parameters)
  File "/home/airflow/.local/lib/python3.8/site-packages/airflow/providers/common/sql/hooks/sql.py", line 423, in _run_command
    cur.execute(sql_statement)
psycopg2.errors.SyntaxError: syntax error at end of input
LINE 14: 
         ^

[2023-11-24T15:45:21.870+0000] {taskinstance.py:1400} INFO - Marking task as FAILED. dag_id=Projet_IDD, task_id=create_key, execution_date=20231124T154509, start_date=20231124T154521, end_date=20231124T154521
[2023-11-24T15:45:21.879+0000] {standard_task_runner.py:104} ERROR - Failed to execute job 40 for task create_key (syntax error at end of input
LINE 14: 
         ^
; 1112)
[2023-11-24T15:45:21.893+0000] {local_task_job_runner.py:228} INFO - Task exited with return code 1
[2023-11-24T15:45:21.909+0000] {taskinstance.py:2778} INFO - 0 downstream tasks scheduled from follow-on schedule check
