[2023-11-19T15:53:37.440+0000] {taskinstance.py:1159} INFO - Dependencies all met for dep_context=non-requeueable deps ti=<TaskInstance: Projet.Extract manual__2023-11-19T15:53:36.013133+00:00 [queued]>
[2023-11-19T15:53:37.446+0000] {taskinstance.py:1159} INFO - Dependencies all met for dep_context=requeueable deps ti=<TaskInstance: Projet.Extract manual__2023-11-19T15:53:36.013133+00:00 [queued]>
[2023-11-19T15:53:37.446+0000] {taskinstance.py:1361} INFO - Starting attempt 1 of 1
[2023-11-19T15:53:37.454+0000] {taskinstance.py:1382} INFO - Executing <Task(PythonOperator): Extract> on 2023-11-19 15:53:36.013133+00:00
[2023-11-19T15:53:37.463+0000] {standard_task_runner.py:57} INFO - Started process 23129 to run task
[2023-11-19T15:53:37.468+0000] {standard_task_runner.py:84} INFO - Running: ['***', 'tasks', 'run', 'Projet', 'Extract', 'manual__2023-11-19T15:53:36.013133+00:00', '--job-id', '32', '--raw', '--subdir', 'DAGS_FOLDER/dag_sample.py', '--cfg-path', '/tmp/tmpk1xhxupw']
[2023-11-19T15:53:37.474+0000] {standard_task_runner.py:85} INFO - Job 32: Subtask Extract
[2023-11-19T15:53:37.518+0000] {task_command.py:416} INFO - Running <TaskInstance: Projet.Extract manual__2023-11-19T15:53:36.013133+00:00 [running]> on host b6ca478389d2
[2023-11-19T15:53:37.985+0000] {taskinstance.py:1662} INFO - Exporting env vars: AIRFLOW_CTX_DAG_OWNER='***' AIRFLOW_CTX_DAG_ID='Projet' AIRFLOW_CTX_TASK_ID='Extract' AIRFLOW_CTX_EXECUTION_DATE='2023-11-19T15:53:36.013133+00:00' AIRFLOW_CTX_TRY_NUMBER='1' AIRFLOW_CTX_DAG_RUN_ID='manual__2023-11-19T15:53:36.013133+00:00'
[2023-11-19T15:53:38.148+0000] {warnings.py:109} WARNING - /opt/***/dags/dag_sample.py:15: DtypeWarning: Columns (0) have mixed types. Specify dtype option on import or set low_memory=False.
  df_urgences = pd.read_csv(csv_file_path_urgences, delimiter=';', dtype={'Code tranches d\'age': str})

[2023-11-19T15:53:38.164+0000] {taskinstance.py:1937} ERROR - Task failed with exception
Traceback (most recent call last):
  File "/home/airflow/.local/lib/python3.8/site-packages/airflow/operators/python.py", line 192, in execute
    return_value = self.execute_callable()
  File "/home/airflow/.local/lib/python3.8/site-packages/airflow/operators/python.py", line 209, in execute_callable
    return self.python_callable(*self.op_args, **self.op_kwargs)
  File "/opt/airflow/dags/dag_sample.py", line 23, in extract_data
    df_departement = pd.read_json("${AIRFLOW_HOME}/data/departements-region.json")
  File "/home/airflow/.local/lib/python3.8/site-packages/pandas/io/json/_json.py", line 760, in read_json
    json_reader = JsonReader(
  File "/home/airflow/.local/lib/python3.8/site-packages/pandas/io/json/_json.py", line 861, in __init__
    data = self._get_data_from_filepath(filepath_or_buffer)
  File "/home/airflow/.local/lib/python3.8/site-packages/pandas/io/json/_json.py", line 917, in _get_data_from_filepath
    raise FileNotFoundError(f"File {filepath_or_buffer} does not exist")
FileNotFoundError: File ${AIRFLOW_HOME}/data/departements-region.json does not exist
[2023-11-19T15:53:38.178+0000] {taskinstance.py:1400} INFO - Marking task as FAILED. dag_id=Projet, task_id=Extract, execution_date=20231119T155336, start_date=20231119T155337, end_date=20231119T155338
[2023-11-19T15:53:38.186+0000] {standard_task_runner.py:104} ERROR - Failed to execute job 32 for task Extract (File ${AIRFLOW_HOME}/data/departements-region.json does not exist; 23129)
[2023-11-19T15:53:38.221+0000] {local_task_job_runner.py:228} INFO - Task exited with return code 1
[2023-11-19T15:53:38.237+0000] {taskinstance.py:2778} INFO - 0 downstream tasks scheduled from follow-on schedule check
