[2023-11-21T16:56:01.275+0000] {taskinstance.py:1159} INFO - Dependencies all met for dep_context=non-requeueable deps ti=<TaskInstance: Projet_IDD.extract_data_urgences manual__2023-11-21T16:55:58.498338+00:00 [queued]>
[2023-11-21T16:56:01.285+0000] {taskinstance.py:1159} INFO - Dependencies all met for dep_context=requeueable deps ti=<TaskInstance: Projet_IDD.extract_data_urgences manual__2023-11-21T16:55:58.498338+00:00 [queued]>
[2023-11-21T16:56:01.286+0000] {taskinstance.py:1361} INFO - Starting attempt 1 of 1
[2023-11-21T16:56:01.300+0000] {taskinstance.py:1382} INFO - Executing <Task(PythonOperator): extract_data_urgences> on 2023-11-21 16:55:58.498338+00:00
[2023-11-21T16:56:01.306+0000] {standard_task_runner.py:57} INFO - Started process 1340 to run task
[2023-11-21T16:56:01.309+0000] {standard_task_runner.py:84} INFO - Running: ['***', 'tasks', 'run', 'Projet_IDD', 'extract_data_urgences', 'manual__2023-11-21T16:55:58.498338+00:00', '--job-id', '55', '--raw', '--subdir', 'DAGS_FOLDER/ETL.py', '--cfg-path', '/tmp/tmp5qri1_86']
[2023-11-21T16:56:01.312+0000] {standard_task_runner.py:85} INFO - Job 55: Subtask extract_data_urgences
[2023-11-21T16:56:01.358+0000] {task_command.py:416} INFO - Running <TaskInstance: Projet_IDD.extract_data_urgences manual__2023-11-21T16:55:58.498338+00:00 [running]> on host a27ca4debaad
[2023-11-21T16:56:01.617+0000] {taskinstance.py:1662} INFO - Exporting env vars: AIRFLOW_CTX_DAG_OWNER='***' AIRFLOW_CTX_DAG_ID='Projet_IDD' AIRFLOW_CTX_TASK_ID='extract_data_urgences' AIRFLOW_CTX_EXECUTION_DATE='2023-11-21T16:55:58.498338+00:00' AIRFLOW_CTX_TRY_NUMBER='1' AIRFLOW_CTX_DAG_RUN_ID='manual__2023-11-21T16:55:58.498338+00:00'
[2023-11-21T16:56:01.822+0000] {python.py:194} INFO - Done. Returned value was:         dep date_de_passage  ...  nbre_acte_tot_h  nbre_acte_tot_f
0        01      2022-12-26  ...              NaN              NaN
1        01      2022-12-26  ...              NaN              NaN
2        01      2022-12-26  ...              NaN              NaN
3        01      2022-12-26  ...              NaN              NaN
4        01      2022-12-26  ...              NaN              NaN
...     ...             ...  ...              ...              ...
214216  976      2023-10-24  ...              NaN              NaN
214217  976      2023-10-24  ...              NaN              NaN
214218  976      2023-10-24  ...              NaN              NaN
214219  976      2023-10-24  ...              NaN              NaN
214220  976      2023-10-24  ...              NaN              NaN

[214221 rows x 18 columns]
[2023-11-21T16:56:02.059+0000] {taskinstance.py:1400} INFO - Marking task as SUCCESS. dag_id=Projet_IDD, task_id=extract_data_urgences, execution_date=20231121T165558, start_date=20231121T165601, end_date=20231121T165602
[2023-11-21T16:56:02.086+0000] {local_task_job_runner.py:228} INFO - Task exited with return code 0
[2023-11-21T16:56:02.103+0000] {taskinstance.py:2778} INFO - 0 downstream tasks scheduled from follow-on schedule check
