[2023-11-22T19:31:41.891+0000] {taskinstance.py:1159} INFO - Dependencies all met for dep_context=non-requeueable deps ti=<TaskInstance: Projet_IDD.extract_and_transform manual__2023-11-22T19:31:39.812839+00:00 [queued]>
[2023-11-22T19:31:41.899+0000] {taskinstance.py:1159} INFO - Dependencies all met for dep_context=requeueable deps ti=<TaskInstance: Projet_IDD.extract_and_transform manual__2023-11-22T19:31:39.812839+00:00 [queued]>
[2023-11-22T19:31:41.900+0000] {taskinstance.py:1361} INFO - Starting attempt 1 of 1
[2023-11-22T19:31:41.912+0000] {taskinstance.py:1382} INFO - Executing <Task(PythonOperator): extract_and_transform> on 2023-11-22 19:31:39.812839+00:00
[2023-11-22T19:31:41.916+0000] {standard_task_runner.py:57} INFO - Started process 1811 to run task
[2023-11-22T19:31:41.919+0000] {standard_task_runner.py:84} INFO - Running: ['***', 'tasks', 'run', 'Projet_IDD', 'extract_and_transform', 'manual__2023-11-22T19:31:39.812839+00:00', '--job-id', '33', '--raw', '--subdir', 'DAGS_FOLDER/ETL.py', '--cfg-path', '/tmp/tmpkfn940o2']
[2023-11-22T19:31:41.921+0000] {standard_task_runner.py:85} INFO - Job 33: Subtask extract_and_transform
[2023-11-22T19:31:41.958+0000] {task_command.py:416} INFO - Running <TaskInstance: Projet_IDD.extract_and_transform manual__2023-11-22T19:31:39.812839+00:00 [running]> on host 006c0c385fe8
[2023-11-22T19:31:42.120+0000] {taskinstance.py:1662} INFO - Exporting env vars: AIRFLOW_CTX_DAG_OWNER='***' AIRFLOW_CTX_DAG_ID='Projet_IDD' AIRFLOW_CTX_TASK_ID='extract_and_transform' AIRFLOW_CTX_EXECUTION_DATE='2023-11-22T19:31:39.812839+00:00' AIRFLOW_CTX_TRY_NUMBER='1' AIRFLOW_CTX_DAG_RUN_ID='manual__2023-11-22T19:31:39.812839+00:00'
[2023-11-22T19:31:42.327+0000] {logging_mixin.py:151} INFO -   Code tranches         age
0             0   tous ages
1             A     0-4 ans
2             B    5-14 ans
3             C   15-44 ans
4             D   45-64 ans
5             E   65-74 ans
6             F  75 et plus
[2023-11-22T19:31:42.380+0000] {taskinstance.py:1937} ERROR - Task failed with exception
Traceback (most recent call last):
  File "/home/airflow/.local/lib/python3.8/site-packages/airflow/operators/python.py", line 192, in execute
    return_value = self.execute_callable()
  File "/home/airflow/.local/lib/python3.8/site-packages/airflow/operators/python.py", line 209, in execute_callable
    return self.python_callable(*self.op_args, **self.op_kwargs)
  File "/opt/airflow/dags/ETL.py", line 37, in extract_and_transform
    df_urgences = df_urgences.drop(colonnes_a_supprimer, axis=1)
  File "/home/airflow/.local/lib/python3.8/site-packages/pandas/core/frame.py", line 5258, in drop
    return super().drop(
  File "/home/airflow/.local/lib/python3.8/site-packages/pandas/core/generic.py", line 4549, in drop
    obj = obj._drop_axis(labels, axis, level=level, errors=errors)
  File "/home/airflow/.local/lib/python3.8/site-packages/pandas/core/generic.py", line 4591, in _drop_axis
    new_axis = axis.drop(labels, errors=errors)
  File "/home/airflow/.local/lib/python3.8/site-packages/pandas/core/indexes/base.py", line 6699, in drop
    raise KeyError(f"{list(labels[mask])} not found in axis")
KeyError: "['Âge', 'Score'] not found in axis"
[2023-11-22T19:31:42.402+0000] {taskinstance.py:1400} INFO - Marking task as FAILED. dag_id=Projet_IDD, task_id=extract_and_transform, execution_date=20231122T193139, start_date=20231122T193141, end_date=20231122T193142
[2023-11-22T19:31:42.412+0000] {standard_task_runner.py:104} ERROR - Failed to execute job 33 for task extract_and_transform ("['Âge', 'Score'] not found in axis"; 1811)
[2023-11-22T19:31:42.453+0000] {local_task_job_runner.py:228} INFO - Task exited with return code 1
[2023-11-22T19:31:42.469+0000] {taskinstance.py:2778} INFO - 0 downstream tasks scheduled from follow-on schedule check
