[2023-11-21T16:54:32.713+0000] {taskinstance.py:1159} INFO - Dependencies all met for dep_context=non-requeueable deps ti=<TaskInstance: Projet_IDD.extract_data_urgences manual__2023-11-21T16:54:29.945319+00:00 [queued]>
[2023-11-21T16:54:32.727+0000] {taskinstance.py:1159} INFO - Dependencies all met for dep_context=requeueable deps ti=<TaskInstance: Projet_IDD.extract_data_urgences manual__2023-11-21T16:54:29.945319+00:00 [queued]>
[2023-11-21T16:54:32.727+0000] {taskinstance.py:1361} INFO - Starting attempt 1 of 1
[2023-11-21T16:54:32.745+0000] {taskinstance.py:1382} INFO - Executing <Task(PythonOperator): extract_data_urgences> on 2023-11-21 16:54:29.945319+00:00
[2023-11-21T16:54:32.753+0000] {standard_task_runner.py:57} INFO - Started process 1295 to run task
[2023-11-21T16:54:32.756+0000] {standard_task_runner.py:84} INFO - Running: ['***', 'tasks', 'run', 'Projet_IDD', 'extract_data_urgences', 'manual__2023-11-21T16:54:29.945319+00:00', '--job-id', '50', '--raw', '--subdir', 'DAGS_FOLDER/ETL.py', '--cfg-path', '/tmp/tmpnp1qsqz8']
[2023-11-21T16:54:32.760+0000] {standard_task_runner.py:85} INFO - Job 50: Subtask extract_data_urgences
[2023-11-21T16:54:32.818+0000] {task_command.py:416} INFO - Running <TaskInstance: Projet_IDD.extract_data_urgences manual__2023-11-21T16:54:29.945319+00:00 [running]> on host a27ca4debaad
[2023-11-21T16:54:33.105+0000] {taskinstance.py:1662} INFO - Exporting env vars: AIRFLOW_CTX_DAG_OWNER='***' AIRFLOW_CTX_DAG_ID='Projet_IDD' AIRFLOW_CTX_TASK_ID='extract_data_urgences' AIRFLOW_CTX_EXECUTION_DATE='2023-11-21T16:54:29.945319+00:00' AIRFLOW_CTX_TRY_NUMBER='1' AIRFLOW_CTX_DAG_RUN_ID='manual__2023-11-21T16:54:29.945319+00:00'
[2023-11-21T16:54:33.282+0000] {warnings.py:109} WARNING - /opt/***/dags/ETL.py:14: DtypeWarning: Columns (0) have mixed types. Specify dtype option on import or set low_memory=False.
  df_urgences = pd.read_csv(csv_file_path_sos, delimiter=';')

[2023-11-21T16:54:33.295+0000] {python.py:194} INFO - Done. Returned value was:         dep date_de_passage  ...  nbre_acte_tot_h  nbre_acte_tot_f
0         1      2022-12-26  ...              NaN              NaN
1         1      2022-12-26  ...              NaN              NaN
2         1      2022-12-26  ...              NaN              NaN
3         1      2022-12-26  ...              NaN              NaN
4         1      2022-12-26  ...              NaN              NaN
...     ...             ...  ...              ...              ...
214216  976      2023-10-24  ...              NaN              NaN
214217  976      2023-10-24  ...              NaN              NaN
214218  976      2023-10-24  ...              NaN              NaN
214219  976      2023-10-24  ...              NaN              NaN
214220  976      2023-10-24  ...              NaN              NaN

[214221 rows x 18 columns]
[2023-11-21T16:54:33.349+0000] {xcom.py:661} ERROR - ("Could not convert '16' with type str: tried to convert to int64", 'Conversion failed for column dep with type object'). If you are using pickle instead of JSON for XCom, then you need to enable pickle support for XCom in your *** config or make sure to decorate your object with attr.
[2023-11-21T16:54:33.352+0000] {taskinstance.py:1937} ERROR - Task failed with exception
Traceback (most recent call last):
  File "/home/airflow/.local/lib/python3.8/site-packages/airflow/utils/session.py", line 74, in wrapper
    return func(*args, **kwargs)
  File "/home/airflow/.local/lib/python3.8/site-packages/airflow/models/taskinstance.py", line 2479, in xcom_push
    XCom.set(
  File "/home/airflow/.local/lib/python3.8/site-packages/airflow/utils/session.py", line 74, in wrapper
    return func(*args, **kwargs)
  File "/home/airflow/.local/lib/python3.8/site-packages/airflow/models/xcom.py", line 244, in set
    value = cls.serialize_value(
  File "/home/airflow/.local/lib/python3.8/site-packages/airflow/models/xcom.py", line 659, in serialize_value
    return json.dumps(value, cls=XComEncoder).encode("UTF-8")
  File "/usr/local/lib/python3.8/json/__init__.py", line 234, in dumps
    return cls(
  File "/home/airflow/.local/lib/python3.8/site-packages/airflow/utils/json.py", line 104, in encode
    return super().encode(o)
  File "/usr/local/lib/python3.8/json/encoder.py", line 199, in encode
    chunks = self.iterencode(o, _one_shot=True)
  File "/usr/local/lib/python3.8/json/encoder.py", line 257, in iterencode
    return _iterencode(o, 0)
  File "/home/airflow/.local/lib/python3.8/site-packages/airflow/utils/json.py", line 91, in default
    return serialize(o)
  File "/home/airflow/.local/lib/python3.8/site-packages/airflow/serialization/serde.py", line 143, in serialize
    data, classname, version, is_serialized = _serializers[qn].serialize(o)
  File "/home/airflow/.local/lib/python3.8/site-packages/airflow/serialization/serializers/pandas.py", line 49, in serialize
    table = pa.Table.from_pandas(o)
  File "pyarrow/table.pxi", line 3557, in pyarrow.lib.Table.from_pandas
  File "/home/airflow/.local/lib/python3.8/site-packages/pyarrow/pandas_compat.py", line 624, in dataframe_to_arrays
    arrays[i] = maybe_fut.result()
  File "/usr/local/lib/python3.8/concurrent/futures/_base.py", line 437, in result
    return self.__get_result()
  File "/usr/local/lib/python3.8/concurrent/futures/_base.py", line 389, in __get_result
    raise self._exception
  File "/usr/local/lib/python3.8/concurrent/futures/thread.py", line 57, in run
    result = self.fn(*self.args, **self.kwargs)
  File "/home/airflow/.local/lib/python3.8/site-packages/pyarrow/pandas_compat.py", line 598, in convert_column
    raise e
  File "/home/airflow/.local/lib/python3.8/site-packages/pyarrow/pandas_compat.py", line 592, in convert_column
    result = pa.array(col, type=type_, from_pandas=True, safe=safe)
  File "pyarrow/array.pxi", line 316, in pyarrow.lib.array
  File "pyarrow/array.pxi", line 83, in pyarrow.lib._ndarray_to_array
  File "pyarrow/error.pxi", line 100, in pyarrow.lib.check_status
pyarrow.lib.ArrowInvalid: ("Could not convert '16' with type str: tried to convert to int64", 'Conversion failed for column dep with type object')
[2023-11-21T16:54:33.360+0000] {taskinstance.py:1400} INFO - Marking task as FAILED. dag_id=Projet_IDD, task_id=extract_data_urgences, execution_date=20231121T165429, start_date=20231121T165432, end_date=20231121T165433
[2023-11-21T16:54:33.369+0000] {standard_task_runner.py:104} ERROR - Failed to execute job 50 for task extract_data_urgences (("Could not convert '16' with type str: tried to convert to int64", 'Conversion failed for column dep with type object'); 1295)
[2023-11-21T16:54:33.412+0000] {local_task_job_runner.py:228} INFO - Task exited with return code 1
[2023-11-21T16:54:33.427+0000] {taskinstance.py:2778} INFO - 0 downstream tasks scheduled from follow-on schedule check
