[2023-11-22T19:21:44.908+0000] {taskinstance.py:1159} INFO - Dependencies all met for dep_context=non-requeueable deps ti=<TaskInstance: Projet_IDD.extract_and_transform manual__2023-11-22T19:21:42.410337+00:00 [queued]>
[2023-11-22T19:21:44.918+0000] {taskinstance.py:1159} INFO - Dependencies all met for dep_context=requeueable deps ti=<TaskInstance: Projet_IDD.extract_and_transform manual__2023-11-22T19:21:42.410337+00:00 [queued]>
[2023-11-22T19:21:44.918+0000] {taskinstance.py:1361} INFO - Starting attempt 1 of 1
[2023-11-22T19:21:44.931+0000] {taskinstance.py:1382} INFO - Executing <Task(PythonOperator): extract_and_transform> on 2023-11-22 19:21:42.410337+00:00
[2023-11-22T19:21:44.935+0000] {standard_task_runner.py:57} INFO - Started process 1646 to run task
[2023-11-22T19:21:44.941+0000] {standard_task_runner.py:84} INFO - Running: ['***', 'tasks', 'run', 'Projet_IDD', 'extract_and_transform', 'manual__2023-11-22T19:21:42.410337+00:00', '--job-id', '28', '--raw', '--subdir', 'DAGS_FOLDER/ETL.py', '--cfg-path', '/tmp/tmp6d6s1oxy']
[2023-11-22T19:21:44.944+0000] {standard_task_runner.py:85} INFO - Job 28: Subtask extract_and_transform
[2023-11-22T19:21:44.988+0000] {task_command.py:416} INFO - Running <TaskInstance: Projet_IDD.extract_and_transform manual__2023-11-22T19:21:42.410337+00:00 [running]> on host 006c0c385fe8
[2023-11-22T19:21:45.200+0000] {taskinstance.py:1662} INFO - Exporting env vars: AIRFLOW_CTX_DAG_OWNER='***' AIRFLOW_CTX_DAG_ID='Projet_IDD' AIRFLOW_CTX_TASK_ID='extract_and_transform' AIRFLOW_CTX_EXECUTION_DATE='2023-11-22T19:21:42.410337+00:00' AIRFLOW_CTX_TRY_NUMBER='1' AIRFLOW_CTX_DAG_RUN_ID='manual__2023-11-22T19:21:42.410337+00:00'
[2023-11-22T19:21:45.414+0000] {logging_mixin.py:151} INFO -   Code tranches         age
0             0   tous ages
1             A     0-4 ans
2             B    5-14 ans
3             C   15-44 ans
4             D   45-64 ans
5             E   65-74 ans
6             F  75 et plus
[2023-11-22T19:21:45.475+0000] {logging_mixin.py:151} INFO - 0       01
1       02
2       03
3       04
4       05
      ... 
96     971
97     972
98     973
99     974
100    976
Name: num_dep, Length: 101, dtype: object
[2023-11-22T19:21:45.484+0000] {base.py:73} INFO - Using connection ID 'postgres_connexion' for task execution.
[2023-11-22T19:21:54.332+0000] {base.py:73} INFO - Using connection ID 'postgres_connexion' for task execution.
[2023-11-22T19:21:54.407+0000] {base.py:73} INFO - Using connection ID 'postgres_connexion' for task execution.
[2023-11-22T19:21:54.502+0000] {python.py:194} INFO - Done. Returned value was: None
[2023-11-22T19:21:54.512+0000] {taskinstance.py:1400} INFO - Marking task as SUCCESS. dag_id=Projet_IDD, task_id=extract_and_transform, execution_date=20231122T192142, start_date=20231122T192144, end_date=20231122T192154
[2023-11-22T19:21:54.544+0000] {local_task_job_runner.py:228} INFO - Task exited with return code 0
[2023-11-22T19:21:54.558+0000] {taskinstance.py:2778} INFO - 0 downstream tasks scheduled from follow-on schedule check
