[2023-11-22T19:16:00.281+0000] {taskinstance.py:1159} INFO - Dependencies all met for dep_context=non-requeueable deps ti=<TaskInstance: Projet_IDD.extract_and_transform manual__2023-11-22T19:15:59.083834+00:00 [queued]>
[2023-11-22T19:16:00.292+0000] {taskinstance.py:1159} INFO - Dependencies all met for dep_context=requeueable deps ti=<TaskInstance: Projet_IDD.extract_and_transform manual__2023-11-22T19:15:59.083834+00:00 [queued]>
[2023-11-22T19:16:00.293+0000] {taskinstance.py:1361} INFO - Starting attempt 1 of 1
[2023-11-22T19:16:00.312+0000] {taskinstance.py:1382} INFO - Executing <Task(PythonOperator): extract_and_transform> on 2023-11-22 19:15:59.083834+00:00
[2023-11-22T19:16:00.317+0000] {standard_task_runner.py:57} INFO - Started process 1493 to run task
[2023-11-22T19:16:00.320+0000] {standard_task_runner.py:84} INFO - Running: ['***', 'tasks', 'run', 'Projet_IDD', 'extract_and_transform', 'manual__2023-11-22T19:15:59.083834+00:00', '--job-id', '20', '--raw', '--subdir', 'DAGS_FOLDER/ETL.py', '--cfg-path', '/tmp/tmp0t0mufcj']
[2023-11-22T19:16:00.326+0000] {standard_task_runner.py:85} INFO - Job 20: Subtask extract_and_transform
[2023-11-22T19:16:00.379+0000] {task_command.py:416} INFO - Running <TaskInstance: Projet_IDD.extract_and_transform manual__2023-11-22T19:15:59.083834+00:00 [running]> on host 006c0c385fe8
[2023-11-22T19:16:00.641+0000] {taskinstance.py:1662} INFO - Exporting env vars: AIRFLOW_CTX_DAG_OWNER='***' AIRFLOW_CTX_DAG_ID='Projet_IDD' AIRFLOW_CTX_TASK_ID='extract_and_transform' AIRFLOW_CTX_EXECUTION_DATE='2023-11-22T19:15:59.083834+00:00' AIRFLOW_CTX_TRY_NUMBER='1' AIRFLOW_CTX_DAG_RUN_ID='manual__2023-11-22T19:15:59.083834+00:00'
[2023-11-22T19:16:00.935+0000] {logging_mixin.py:151} INFO -   Code tranches         age
0             0   tous ages
1             A     0-4 ans
2             B    5-14 ans
3             C   15-44 ans
4             D   45-64 ans
5             E   65-74 ans
6             F  75 et plus
[2023-11-22T19:16:01.059+0000] {logging_mixin.py:151} INFO - 0       01
1       02
2       03
3       04
4       05
      ... 
96     971
97     972
98     973
99     974
100    976
Name: num_dep, Length: 101, dtype: object
[2023-11-22T19:16:01.061+0000] {python.py:194} INFO - Done. Returned value was: (    num_dep                 dep_name                 region_name
0        01                      Ain        Auvergne-Rhône-Alpes
1        02                    Aisne             Hauts-de-France
2        03                   Allier        Auvergne-Rhône-Alpes
3        04  Alpes-de-Haute-Provence  Provence-Alpes-Côte d'Azur
4        05             Hautes-Alpes  Provence-Alpes-Côte d'Azur
..      ...                      ...                         ...
96      971               Guadeloupe                  Guadeloupe
97      972               Martinique                  Martinique
98      973                   Guyane                      Guyane
99      974               La Réunion                  La Réunion
100     976                  Mayotte                     Mayotte

[101 rows x 3 columns],         dep date_de_passage  ...  nbre_acte_tot_h  nbre_acte_tot_f
0        01      2022-12-26  ...              NaN              NaN
1        01      2022-12-26  ...              NaN              NaN
2        01      2022-12-26  ...              NaN              NaN
3        01      2022-12-26  ...              NaN              NaN
4        01      2022-12-26  ...              NaN              NaN
...     ...             ...  ...              ...              ...
214215  976      2023-10-24  ...              NaN              NaN
214216  976      2023-10-24  ...              NaN              NaN
214217  976      2023-10-24  ...              NaN              NaN
214218  976      2023-10-24  ...              NaN              NaN
214219  976      2023-10-24  ...              NaN              NaN

[212928 rows x 18 columns],    code_tranches_dage         age
0                   0   tous ages
1                   1     0-4 ans
2                   2    5-14 ans
3                   3   15-44 ans
4                   4   45-64 ans
5                   5   65-74 ans
6                   6  75 et plus)
[2023-11-22T19:16:01.558+0000] {taskinstance.py:1400} INFO - Marking task as SUCCESS. dag_id=Projet_IDD, task_id=extract_and_transform, execution_date=20231122T191559, start_date=20231122T191600, end_date=20231122T191601
[2023-11-22T19:16:01.583+0000] {local_task_job_runner.py:228} INFO - Task exited with return code 0
[2023-11-22T19:16:01.596+0000] {taskinstance.py:2778} INFO - 0 downstream tasks scheduled from follow-on schedule check
