[2023-11-23T19:10:48.052+0000] {taskinstance.py:1159} INFO - Dependencies all met for dep_context=non-requeueable deps ti=<TaskInstance: Projet_IDD.extract_and_transform_laod manual__2023-11-23T19:10:44.528531+00:00 [queued]>
[2023-11-23T19:10:48.065+0000] {taskinstance.py:1159} INFO - Dependencies all met for dep_context=requeueable deps ti=<TaskInstance: Projet_IDD.extract_and_transform_laod manual__2023-11-23T19:10:44.528531+00:00 [queued]>
[2023-11-23T19:10:48.067+0000] {taskinstance.py:1361} INFO - Starting attempt 1 of 1
[2023-11-23T19:10:48.086+0000] {taskinstance.py:1382} INFO - Executing <Task(PythonOperator): extract_and_transform_laod> on 2023-11-23 19:10:44.528531+00:00
[2023-11-23T19:10:48.094+0000] {standard_task_runner.py:57} INFO - Started process 957 to run task
[2023-11-23T19:10:48.098+0000] {standard_task_runner.py:84} INFO - Running: ['***', 'tasks', 'run', 'Projet_IDD', 'extract_and_transform_laod', 'manual__2023-11-23T19:10:44.528531+00:00', '--job-id', '5', '--raw', '--subdir', 'DAGS_FOLDER/ETL.py', '--cfg-path', '/tmp/tmpge4xp5yb']
[2023-11-23T19:10:48.101+0000] {standard_task_runner.py:85} INFO - Job 5: Subtask extract_and_transform_laod
[2023-11-23T19:10:48.157+0000] {task_command.py:416} INFO - Running <TaskInstance: Projet_IDD.extract_and_transform_laod manual__2023-11-23T19:10:44.528531+00:00 [running]> on host 591fdf287c40
[2023-11-23T19:10:48.414+0000] {taskinstance.py:1662} INFO - Exporting env vars: AIRFLOW_CTX_DAG_OWNER='***' AIRFLOW_CTX_DAG_ID='Projet_IDD' AIRFLOW_CTX_TASK_ID='extract_and_transform_laod' AIRFLOW_CTX_EXECUTION_DATE='2023-11-23T19:10:44.528531+00:00' AIRFLOW_CTX_TRY_NUMBER='1' AIRFLOW_CTX_DAG_RUN_ID='manual__2023-11-23T19:10:44.528531+00:00'
[2023-11-23T19:10:48.742+0000] {logging_mixin.py:151} INFO -   Code tranches         age
0             0   tous ages
1             A     0-4 ans
2             B    5-14 ans
3             C   15-44 ans
4             D   45-64 ans
5             E   65-74 ans
6             F  75 et plus
[2023-11-23T19:10:48.860+0000] {logging_mixin.py:151} INFO -         dep date_de_passage  ...  nbre_hospit_corona_h  nbre_hospit_corona_f
0        01      2022-12-26  ...                   1.0                   3.0
1        01      2022-12-26  ...                   NaN                   NaN
2        01      2022-12-26  ...                   NaN                   NaN
3        01      2022-12-26  ...                   NaN                   NaN
4        01      2022-12-26  ...                   NaN                   NaN
...     ...             ...  ...                   ...                   ...
214215  976      2023-10-24  ...                   NaN                   NaN
214216  976      2023-10-24  ...                   NaN                   NaN
214217  976      2023-10-24  ...                   NaN                   NaN
214218  976      2023-10-24  ...                   NaN                   NaN
214219  976      2023-10-24  ...                   NaN                   NaN

[212928 rows x 12 columns]
[2023-11-23T19:10:48.864+0000] {logging_mixin.py:151} INFO - 0       01
1       02
2       03
3       04
4       05
      ... 
96     971
97     972
98     973
99     974
100    976
Name: num_dep, Length: 101, dtype: object
[2023-11-23T19:10:48.874+0000] {base.py:73} INFO - Using connection ID 'postgres_connexion' for task execution.
[2023-11-23T19:11:02.017+0000] {base.py:73} INFO - Using connection ID 'postgres_connexion' for task execution.
[2023-11-23T19:11:02.141+0000] {base.py:73} INFO - Using connection ID 'postgres_connexion' for task execution.
[2023-11-23T19:11:02.398+0000] {python.py:194} INFO - Done. Returned value was: None
[2023-11-23T19:11:02.416+0000] {taskinstance.py:1400} INFO - Marking task as SUCCESS. dag_id=Projet_IDD, task_id=extract_and_transform_laod, execution_date=20231123T191044, start_date=20231123T191048, end_date=20231123T191102
[2023-11-23T19:11:02.503+0000] {local_task_job_runner.py:228} INFO - Task exited with return code 0
[2023-11-23T19:11:02.546+0000] {taskinstance.py:2778} INFO - 1 downstream tasks scheduled from follow-on schedule check
