[2023-11-24T08:28:22.752+0000] {taskinstance.py:1159} INFO - Dependencies all met for dep_context=non-requeueable deps ti=<TaskInstance: Projet_IDD.create_table manual__2023-11-24T08:28:20.485789+00:00 [queued]>
[2023-11-24T08:28:22.764+0000] {taskinstance.py:1159} INFO - Dependencies all met for dep_context=requeueable deps ti=<TaskInstance: Projet_IDD.create_table manual__2023-11-24T08:28:20.485789+00:00 [queued]>
[2023-11-24T08:28:22.765+0000] {taskinstance.py:1361} INFO - Starting attempt 1 of 1
[2023-11-24T08:28:22.780+0000] {taskinstance.py:1382} INFO - Executing <Task(PostgresOperator): create_table> on 2023-11-24 08:28:20.485789+00:00
[2023-11-24T08:28:22.786+0000] {standard_task_runner.py:57} INFO - Started process 1402 to run task
[2023-11-24T08:28:22.789+0000] {standard_task_runner.py:84} INFO - Running: ['***', 'tasks', 'run', 'Projet_IDD', 'create_table', 'manual__2023-11-24T08:28:20.485789+00:00', '--job-id', '6', '--raw', '--subdir', 'DAGS_FOLDER/ETL.py', '--cfg-path', '/tmp/tmpubot8c75']
[2023-11-24T08:28:22.793+0000] {standard_task_runner.py:85} INFO - Job 6: Subtask create_table
[2023-11-24T08:28:22.845+0000] {task_command.py:416} INFO - Running <TaskInstance: Projet_IDD.create_table manual__2023-11-24T08:28:20.485789+00:00 [running]> on host 48713ee4d6de
[2023-11-24T08:28:23.411+0000] {taskinstance.py:1662} INFO - Exporting env vars: AIRFLOW_CTX_DAG_OWNER='***' AIRFLOW_CTX_DAG_ID='Projet_IDD' AIRFLOW_CTX_TASK_ID='create_table' AIRFLOW_CTX_EXECUTION_DATE='2023-11-24T08:28:20.485789+00:00' AIRFLOW_CTX_TRY_NUMBER='1' AIRFLOW_CTX_DAG_RUN_ID='manual__2023-11-24T08:28:20.485789+00:00'
[2023-11-24T08:28:23.412+0000] {sql.py:274} INFO - Executing: drop  table IF EXISTS urgences; 
drop  table IF EXISTS departements; 
drop  table IF EXISTS tranches_dage; 

CREATE TABLE IF NOT EXISTS tranches_dage(
      Code_tranches_dage INT,
      Age VARCHAR(50),
      PRIMARY KEY (code_tranches_dage)
    );

    CREATE TABLE IF NOT EXISTS departements (
    num_dep VARCHAR(10),
    dep_name VARCHAR(50),
    region_name VARCHAR(50),
    PRIMARY KEY (num_dep)
);

CREATE TABLE IF NOT EXISTS urgences (
    dep VARCHAR(10),
    date_de_passage DATE,
    sursaud_cl_age_corona INT,
    nbre_pass_corona INT,
    nbre_pass_tot INT,
    nbre_hospit_corona INT,
    nbre_pass_corona_h INT,
    nbre_pass_corona_f INT,
    nbre_pass_tot_h INT,
    nbre_pass_tot_f INT,
    nbre_hospit_corona_h INT,
    nbre_hospit_corona_f INT,
    FOREIGN KEY (dep) REFERENCES departements(num_dep),
    FOREIGN KEY (sursaud_cl_age_corona) REFERENCES tranches_dage(Code_tranches_dage)
);
[2023-11-24T08:28:23.420+0000] {base.py:73} INFO - Using connection ID 'postgres_connexion' for task execution.
[2023-11-24T08:28:23.427+0000] {base.py:73} INFO - Using connection ID 'postgres_connexion' for task execution.
[2023-11-24T08:28:23.444+0000] {sql.py:418} INFO - Running statement: drop  table IF EXISTS urgences; 
drop  table IF EXISTS departements; 
drop  table IF EXISTS tranches_dage; 

CREATE TABLE IF NOT EXISTS tranches_dage(
      Code_tranches_dage INT,
      Age VARCHAR(50),
      PRIMARY KEY (code_tranches_dage)
    );

    CREATE TABLE IF NOT EXISTS departements (
    num_dep VARCHAR(10),
    dep_name VARCHAR(50),
    region_name VARCHAR(50),
    PRIMARY KEY (num_dep)
);

CREATE TABLE IF NOT EXISTS urgences (
    dep VARCHAR(10),
    date_de_passage DATE,
    sursaud_cl_age_corona INT,
    nbre_pass_corona INT,
    nbre_pass_tot INT,
    nbre_hospit_corona INT,
    nbre_pass_corona_h INT,
    nbre_pass_corona_f INT,
    nbre_pass_tot_h INT,
    nbre_pass_tot_f INT,
    nbre_hospit_corona_h INT,
    nbre_hospit_corona_f INT,
    FOREIGN KEY (dep) REFERENCES departements(num_dep),
    FOREIGN KEY (sursaud_cl_age_corona) REFERENCES tranches_dage(Code_tranches_dage)
);, parameters: None
[2023-11-24T08:28:23.490+0000] {taskinstance.py:1400} INFO - Marking task as SUCCESS. dag_id=Projet_IDD, task_id=create_table, execution_date=20231124T082820, start_date=20231124T082822, end_date=20231124T082823
[2023-11-24T08:28:23.527+0000] {local_task_job_runner.py:228} INFO - Task exited with return code 0
[2023-11-24T08:28:23.570+0000] {taskinstance.py:2778} INFO - 1 downstream tasks scheduled from follow-on schedule check
