[2023-11-24T16:02:33.918+0000] {taskinstance.py:1159} INFO - Dependencies all met for dep_context=non-requeueable deps ti=<TaskInstance: Projet_IDD.create_table manual__2023-11-24T16:02:32.812202+00:00 [queued]>
[2023-11-24T16:02:33.927+0000] {taskinstance.py:1159} INFO - Dependencies all met for dep_context=requeueable deps ti=<TaskInstance: Projet_IDD.create_table manual__2023-11-24T16:02:32.812202+00:00 [queued]>
[2023-11-24T16:02:33.928+0000] {taskinstance.py:1361} INFO - Starting attempt 1 of 1
[2023-11-24T16:02:33.943+0000] {taskinstance.py:1382} INFO - Executing <Task(PostgresOperator): create_table> on 2023-11-24 16:02:32.812202+00:00
[2023-11-24T16:02:33.948+0000] {standard_task_runner.py:57} INFO - Started process 1390 to run task
[2023-11-24T16:02:33.951+0000] {standard_task_runner.py:84} INFO - Running: ['***', 'tasks', 'run', 'Projet_IDD', 'create_table', 'manual__2023-11-24T16:02:32.812202+00:00', '--job-id', '45', '--raw', '--subdir', 'DAGS_FOLDER/ETL.py', '--cfg-path', '/tmp/tmpzs09_u31']
[2023-11-24T16:02:33.954+0000] {standard_task_runner.py:85} INFO - Job 45: Subtask create_table
[2023-11-24T16:02:33.998+0000] {task_command.py:416} INFO - Running <TaskInstance: Projet_IDD.create_table manual__2023-11-24T16:02:32.812202+00:00 [running]> on host 1697b77d64fd
[2023-11-24T16:02:34.194+0000] {taskinstance.py:1662} INFO - Exporting env vars: AIRFLOW_CTX_DAG_OWNER='***' AIRFLOW_CTX_DAG_ID='Projet_IDD' AIRFLOW_CTX_TASK_ID='create_table' AIRFLOW_CTX_EXECUTION_DATE='2023-11-24T16:02:32.812202+00:00' AIRFLOW_CTX_TRY_NUMBER='1' AIRFLOW_CTX_DAG_RUN_ID='manual__2023-11-24T16:02:32.812202+00:00'
[2023-11-24T16:02:34.195+0000] {sql.py:274} INFO - Executing: 


CREATE TABLE IF NOT EXISTS hospitalisation(
    date_passage DATE,
    num_dep VARCHAR(10),
    
    PRIMARY KEY (num_dep, date_passage)
);

CREATE TABLE IF NOT EXISTS passage_urgence(
    num_dep VARCHAR(10),
    Code_tranches_dage VARCHAR(50),
    mois INT,
    PRIMARY KEY (num_dep, code_tranches_dage)
);

CREATE TABLE IF NOT EXISTS departements (
    num_dep VARCHAR(10),
    dep_name VARCHAR(50),
    region_name VARCHAR(50),
    PRIMARY KEY (num_dep)
);

CREATE TABLE IF NOT EXISTS urgences_hosp (
    dep VARCHAR(10),
    date_de_passage DATE,
    sursaud_cl_age_corona VARCHAR(50),
    nbre_pass_corona INT,
    nbre_pass_tot INT,
    nbre_hospit_corona INT,
    nbre_pass_corona_h INT,
    nbre_pass_corona_f INT,
    nbre_pass_tot_h INT,
    nbre_pass_tot_f INT,
    nbre_hospit_corona_h INT,
    nbre_hospit_corona_f INT,
    FOREIGN KEY (dep) REFERENCES departements(num_dep),
    FOREIGN KEY (dep, date_de_passage) REFERENCES hospitalisation(num_dep, date_passage),
    FOREIGN KEY (dep, sursaud_cl_age_corona) REFERENCES passage_urgence(num_dep, Code_tranches_dage)
);
[2023-11-24T16:02:34.203+0000] {base.py:73} INFO - Using connection ID 'postgres_connexion' for task execution.
[2023-11-24T16:02:34.210+0000] {base.py:73} INFO - Using connection ID 'postgres_connexion' for task execution.
[2023-11-24T16:02:34.221+0000] {sql.py:418} INFO - Running statement: 


CREATE TABLE IF NOT EXISTS hospitalisation(
    date_passage DATE,
    num_dep VARCHAR(10),
    
    PRIMARY KEY (num_dep, date_passage)
);

CREATE TABLE IF NOT EXISTS passage_urgence(
    num_dep VARCHAR(10),
    Code_tranches_dage VARCHAR(50),
    mois INT,
    PRIMARY KEY (num_dep, code_tranches_dage)
);

CREATE TABLE IF NOT EXISTS departements (
    num_dep VARCHAR(10),
    dep_name VARCHAR(50),
    region_name VARCHAR(50),
    PRIMARY KEY (num_dep)
);

CREATE TABLE IF NOT EXISTS urgences_hosp (
    dep VARCHAR(10),
    date_de_passage DATE,
    sursaud_cl_age_corona VARCHAR(50),
    nbre_pass_corona INT,
    nbre_pass_tot INT,
    nbre_hospit_corona INT,
    nbre_pass_corona_h INT,
    nbre_pass_corona_f INT,
    nbre_pass_tot_h INT,
    nbre_pass_tot_f INT,
    nbre_hospit_corona_h INT,
    nbre_hospit_corona_f INT,
    FOREIGN KEY (dep) REFERENCES departements(num_dep),
    FOREIGN KEY (dep, date_de_passage) REFERENCES hospitalisation(num_dep, date_passage),
    FOREIGN KEY (dep, sursaud_cl_age_corona) REFERENCES passage_urgence(num_dep, Code_tranches_dage)
);, parameters: None
[2023-11-24T16:02:34.260+0000] {taskinstance.py:1400} INFO - Marking task as SUCCESS. dag_id=Projet_IDD, task_id=create_table, execution_date=20231124T160232, start_date=20231124T160233, end_date=20231124T160234
[2023-11-24T16:02:34.285+0000] {local_task_job_runner.py:228} INFO - Task exited with return code 0
[2023-11-24T16:02:34.306+0000] {taskinstance.py:2778} INFO - 1 downstream tasks scheduled from follow-on schedule check
