[2023-11-21T18:26:39.451+0000] {taskinstance.py:1159} INFO - Dependencies all met for dep_context=non-requeueable deps ti=<TaskInstance: Projet_IDD.load_data manual__2023-11-21T18:26:33.277412+00:00 [queued]>
[2023-11-21T18:26:39.461+0000] {taskinstance.py:1159} INFO - Dependencies all met for dep_context=requeueable deps ti=<TaskInstance: Projet_IDD.load_data manual__2023-11-21T18:26:33.277412+00:00 [queued]>
[2023-11-21T18:26:39.462+0000] {taskinstance.py:1361} INFO - Starting attempt 1 of 1
[2023-11-21T18:26:39.478+0000] {taskinstance.py:1382} INFO - Executing <Task(PythonOperator): load_data> on 2023-11-21 18:26:33.277412+00:00
[2023-11-21T18:26:39.484+0000] {standard_task_runner.py:57} INFO - Started process 1451 to run task
[2023-11-21T18:26:39.487+0000] {standard_task_runner.py:84} INFO - Running: ['***', 'tasks', 'run', 'Projet_IDD', 'load_data', 'manual__2023-11-21T18:26:33.277412+00:00', '--job-id', '28', '--raw', '--subdir', 'DAGS_FOLDER/ETL.py', '--cfg-path', '/tmp/tmp972wd8q7']
[2023-11-21T18:26:39.491+0000] {standard_task_runner.py:85} INFO - Job 28: Subtask load_data
[2023-11-21T18:26:39.539+0000] {task_command.py:416} INFO - Running <TaskInstance: Projet_IDD.load_data manual__2023-11-21T18:26:33.277412+00:00 [running]> on host 726cce66553f
[2023-11-21T18:26:39.773+0000] {taskinstance.py:1662} INFO - Exporting env vars: AIRFLOW_CTX_DAG_OWNER='***' AIRFLOW_CTX_DAG_ID='Projet_IDD' AIRFLOW_CTX_TASK_ID='load_data' AIRFLOW_CTX_EXECUTION_DATE='2023-11-21T18:26:33.277412+00:00' AIRFLOW_CTX_TRY_NUMBER='1' AIRFLOW_CTX_DAG_RUN_ID='manual__2023-11-21T18:26:33.277412+00:00'
[2023-11-21T18:26:39.784+0000] {taskinstance.py:1937} ERROR - Task failed with exception
Traceback (most recent call last):
  File "/home/airflow/.local/lib/python3.8/site-packages/airflow/operators/python.py", line 192, in execute
    return_value = self.execute_callable()
  File "/home/airflow/.local/lib/python3.8/site-packages/airflow/operators/python.py", line 209, in execute_callable
    return self.python_callable(*self.op_args, **self.op_kwargs)
  File "/opt/airflow/dags/ETL.py", line 52, in load_data
    df_urgences, df_tranches_dage, df_departements = task_instance.xcom_pull(task_ids='extract_data')
TypeError: cannot unpack non-iterable NoneType object
[2023-11-21T18:26:39.799+0000] {taskinstance.py:1400} INFO - Marking task as FAILED. dag_id=Projet_IDD, task_id=load_data, execution_date=20231121T182633, start_date=20231121T182639, end_date=20231121T182639
[2023-11-21T18:26:39.811+0000] {standard_task_runner.py:104} ERROR - Failed to execute job 28 for task load_data (cannot unpack non-iterable NoneType object; 1451)
[2023-11-21T18:26:39.822+0000] {local_task_job_runner.py:228} INFO - Task exited with return code 1
[2023-11-21T18:26:39.849+0000] {taskinstance.py:2778} INFO - 0 downstream tasks scheduled from follow-on schedule check
