[2023-11-21T21:11:27.239+0000] {taskinstance.py:1159} INFO - Dependencies all met for dep_context=non-requeueable deps ti=<TaskInstance: Projet_IDD.create_key manual__2023-11-21T21:11:05.561208+00:00 [queued]>
[2023-11-21T21:11:27.271+0000] {taskinstance.py:1159} INFO - Dependencies all met for dep_context=requeueable deps ti=<TaskInstance: Projet_IDD.create_key manual__2023-11-21T21:11:05.561208+00:00 [queued]>
[2023-11-21T21:11:27.272+0000] {taskinstance.py:1361} INFO - Starting attempt 1 of 1
[2023-11-21T21:11:27.294+0000] {taskinstance.py:1382} INFO - Executing <Task(PostgresOperator): create_key> on 2023-11-21 21:11:05.561208+00:00
[2023-11-21T21:11:27.304+0000] {standard_task_runner.py:57} INFO - Started process 4734 to run task
[2023-11-21T21:11:27.309+0000] {standard_task_runner.py:84} INFO - Running: ['***', 'tasks', 'run', 'Projet_IDD', 'create_key', 'manual__2023-11-21T21:11:05.561208+00:00', '--job-id', '151', '--raw', '--subdir', 'DAGS_FOLDER/ETL.py', '--cfg-path', '/tmp/tmpdcxe98ox']
[2023-11-21T21:11:27.314+0000] {standard_task_runner.py:85} INFO - Job 151: Subtask create_key
[2023-11-21T21:11:27.389+0000] {task_command.py:416} INFO - Running <TaskInstance: Projet_IDD.create_key manual__2023-11-21T21:11:05.561208+00:00 [running]> on host 726cce66553f
[2023-11-21T21:11:27.726+0000] {taskinstance.py:1662} INFO - Exporting env vars: AIRFLOW_CTX_DAG_OWNER='***' AIRFLOW_CTX_DAG_ID='Projet_IDD' AIRFLOW_CTX_TASK_ID='create_key' AIRFLOW_CTX_EXECUTION_DATE='2023-11-21T21:11:05.561208+00:00' AIRFLOW_CTX_TRY_NUMBER='1' AIRFLOW_CTX_DAG_RUN_ID='manual__2023-11-21T21:11:05.561208+00:00'
[2023-11-21T21:11:27.728+0000] {sql.py:274} INFO - Executing: ALTER TABLE departements
ADD CONSTRAINT departements_num_dep_key
UNIQUE (num_dep);

ALTER TABLE tranches_dage
ADD CONSTRAINT tranches_dage_code_tranches_dage_key
UNIQUE (code_tranches_dage);

ALTER TABLE passages_corona
ADD CONSTRAINT passages_corona_dep_fkey
FOREIGN KEY (dep)
REFERENCES departements (num_dep);


[2023-11-21T21:11:27.741+0000] {base.py:73} INFO - Using connection ID 'postgres_connexion' for task execution.
[2023-11-21T21:11:27.753+0000] {base.py:73} INFO - Using connection ID 'postgres_connexion' for task execution.
[2023-11-21T21:11:27.771+0000] {sql.py:418} INFO - Running statement: ALTER TABLE departements
ADD CONSTRAINT departements_num_dep_key
UNIQUE (num_dep);

ALTER TABLE tranches_dage
ADD CONSTRAINT tranches_dage_code_tranches_dage_key
UNIQUE (code_tranches_dage);

ALTER TABLE passages_corona
ADD CONSTRAINT passages_corona_dep_fkey
FOREIGN KEY (dep)
REFERENCES departements (num_dep);

, parameters: None
[2023-11-21T21:11:27.862+0000] {taskinstance.py:1400} INFO - Marking task as SUCCESS. dag_id=Projet_IDD, task_id=create_key, execution_date=20231121T211105, start_date=20231121T211127, end_date=20231121T211127
[2023-11-21T21:11:27.926+0000] {local_task_job_runner.py:228} INFO - Task exited with return code 0
[2023-11-21T21:11:27.948+0000] {taskinstance.py:2778} INFO - 0 downstream tasks scheduled from follow-on schedule check
