[2023-11-19T20:29:24.809+0000] {taskinstance.py:1159} INFO - Dependencies all met for dep_context=non-requeueable deps ti=<TaskInstance: FirstDag.templated manual__2023-11-19T20:29:22.664057+00:00 [queued]>
[2023-11-19T20:29:24.815+0000] {taskinstance.py:1159} INFO - Dependencies all met for dep_context=requeueable deps ti=<TaskInstance: FirstDag.templated manual__2023-11-19T20:29:22.664057+00:00 [queued]>
[2023-11-19T20:29:24.815+0000] {taskinstance.py:1361} INFO - Starting attempt 1 of 2
[2023-11-19T20:29:24.823+0000] {taskinstance.py:1382} INFO - Executing <Task(BashOperator): templated> on 2023-11-19 20:29:22.664057+00:00
[2023-11-19T20:29:24.827+0000] {standard_task_runner.py:57} INFO - Started process 2091 to run task
[2023-11-19T20:29:24.831+0000] {standard_task_runner.py:84} INFO - Running: ['***', 'tasks', 'run', 'FirstDag', 'templated', 'manual__2023-11-19T20:29:22.664057+00:00', '--job-id', '26', '--raw', '--subdir', 'DAGS_FOLDER/dag_sample.py', '--cfg-path', '/tmp/tmpblo9ljmr']
[2023-11-19T20:29:24.832+0000] {standard_task_runner.py:85} INFO - Job 26: Subtask templated
[2023-11-19T20:29:24.914+0000] {task_command.py:416} INFO - Running <TaskInstance: FirstDag.templated manual__2023-11-19T20:29:22.664057+00:00 [running]> on host 4a664210de45
[2023-11-19T20:29:24.991+0000] {taskinstance.py:1662} INFO - Exporting env vars: AIRFLOW_CTX_DAG_EMAIL='***@example.com' AIRFLOW_CTX_DAG_OWNER='***' AIRFLOW_CTX_DAG_ID='FirstDag' AIRFLOW_CTX_TASK_ID='templated' AIRFLOW_CTX_EXECUTION_DATE='2023-11-19T20:29:22.664057+00:00' AIRFLOW_CTX_TRY_NUMBER='1' AIRFLOW_CTX_DAG_RUN_ID='manual__2023-11-19T20:29:22.664057+00:00'
[2023-11-19T20:29:24.992+0000] {subprocess.py:63} INFO - Tmp dir root location: /tmp
[2023-11-19T20:29:24.993+0000] {subprocess.py:75} INFO - Running command: ['/bin/bash', '-c', '\n\n    echo "2023-11-19"\n    echo "2023-11-26"\n    echo "Parameter I passed in"\n\n    echo "2023-11-19"\n    echo "2023-11-26"\n    echo "Parameter I passed in"\n\n    echo "2023-11-19"\n    echo "2023-11-26"\n    echo "Parameter I passed in"\n\n    echo "2023-11-19"\n    echo "2023-11-26"\n    echo "Parameter I passed in"\n\n    echo "2023-11-19"\n    echo "2023-11-26"\n    echo "Parameter I passed in"\n']
[2023-11-19T20:29:24.999+0000] {subprocess.py:86} INFO - Output:
[2023-11-19T20:29:25.000+0000] {subprocess.py:93} INFO - 2023-11-19
[2023-11-19T20:29:25.000+0000] {subprocess.py:93} INFO - 2023-11-26
[2023-11-19T20:29:25.000+0000] {subprocess.py:93} INFO - Parameter I passed in
[2023-11-19T20:29:25.000+0000] {subprocess.py:93} INFO - 2023-11-19
[2023-11-19T20:29:25.001+0000] {subprocess.py:93} INFO - 2023-11-26
[2023-11-19T20:29:25.001+0000] {subprocess.py:93} INFO - Parameter I passed in
[2023-11-19T20:29:25.001+0000] {subprocess.py:93} INFO - 2023-11-19
[2023-11-19T20:29:25.001+0000] {subprocess.py:93} INFO - 2023-11-26
[2023-11-19T20:29:25.001+0000] {subprocess.py:93} INFO - Parameter I passed in
[2023-11-19T20:29:25.001+0000] {subprocess.py:93} INFO - 2023-11-19
[2023-11-19T20:29:25.002+0000] {subprocess.py:93} INFO - 2023-11-26
[2023-11-19T20:29:25.002+0000] {subprocess.py:93} INFO - Parameter I passed in
[2023-11-19T20:29:25.002+0000] {subprocess.py:93} INFO - 2023-11-19
[2023-11-19T20:29:25.002+0000] {subprocess.py:93} INFO - 2023-11-26
[2023-11-19T20:29:25.002+0000] {subprocess.py:93} INFO - Parameter I passed in
[2023-11-19T20:29:25.002+0000] {subprocess.py:97} INFO - Command exited with return code 0
[2023-11-19T20:29:25.017+0000] {taskinstance.py:1400} INFO - Marking task as SUCCESS. dag_id=FirstDag, task_id=templated, execution_date=20231119T202922, start_date=20231119T202924, end_date=20231119T202925
[2023-11-19T20:29:25.050+0000] {local_task_job_runner.py:228} INFO - Task exited with return code 0
[2023-11-19T20:29:25.065+0000] {taskinstance.py:2778} INFO - 0 downstream tasks scheduled from follow-on schedule check
