[2023-11-21T13:05:11.011+0000] {taskinstance.py:1159} INFO - Dependencies all met for dep_context=non-requeueable deps ti=<TaskInstance: Projet.create_table manual__2023-11-21T13:05:08.801524+00:00 [queued]>
[2023-11-21T13:05:11.019+0000] {taskinstance.py:1159} INFO - Dependencies all met for dep_context=requeueable deps ti=<TaskInstance: Projet.create_table manual__2023-11-21T13:05:08.801524+00:00 [queued]>
[2023-11-21T13:05:11.020+0000] {taskinstance.py:1361} INFO - Starting attempt 1 of 1
[2023-11-21T13:05:11.211+0000] {taskinstance.py:1382} INFO - Executing <Task(PostgresOperator): create_table> on 2023-11-21 13:05:08.801524+00:00
[2023-11-21T13:05:11.215+0000] {standard_task_runner.py:57} INFO - Started process 314 to run task
[2023-11-21T13:05:11.219+0000] {standard_task_runner.py:84} INFO - Running: ['***', 'tasks', 'run', 'Projet', 'create_table', 'manual__2023-11-21T13:05:08.801524+00:00', '--job-id', '3', '--raw', '--subdir', 'DAGS_FOLDER/ETL.py', '--cfg-path', '/tmp/tmpzct1q1jp']
[2023-11-21T13:05:11.223+0000] {standard_task_runner.py:85} INFO - Job 3: Subtask create_table
[2023-11-21T13:05:11.271+0000] {task_command.py:416} INFO - Running <TaskInstance: Projet.create_table manual__2023-11-21T13:05:08.801524+00:00 [running]> on host 0fbfe6bcfb8c
[2023-11-21T13:05:11.332+0000] {taskinstance.py:1662} INFO - Exporting env vars: AIRFLOW_CTX_DAG_OWNER='***' AIRFLOW_CTX_DAG_ID='Projet' AIRFLOW_CTX_TASK_ID='create_table' AIRFLOW_CTX_EXECUTION_DATE='2023-11-21T13:05:08.801524+00:00' AIRFLOW_CTX_TRY_NUMBER='1' AIRFLOW_CTX_DAG_RUN_ID='manual__2023-11-21T13:05:08.801524+00:00'
[2023-11-21T13:05:11.333+0000] {sql.py:274} INFO - Executing: CREATE TABLE IF NOT EXISTS tranches_dage(
      Code_tranches_dage VARCHAR(10),
      Age INT,
      PRIMARY KEY (Code_tranches_dage )
    );

CREATE TABLE IF NOT EXISTS departements (
      num_dep VARCHAR(5),
      dep_name VARCHAR(50),
      region_name VARCHAR(50),
      PRIMARY KEY (num_dep)
   );

CREATE TABLE IF NOT EXISTS passages_corona (
      dep VARCHAR(5),
      date_de_passage DATE,
      sursaud_cl_age_corona INT,
      nbre_pass_corona INT,
      nbre_pass_tot INT,
      nbre_hospit_corona INT,
      nbre_pass_corona_h INT,
      nbre_pass_corona_f INT,
      nbre_pass_tot_h INT,
      nbre_pass_tot_f INT,
      nbre_hospit_corona_h INT,
      nbre_hospit_corona_f INT,
      nbre_acte_corona INT,
      nbre_acte_tot INT,
      nbre_acte_corona_h INT,
      nbre_acte_corona_f INT,
      nbre_acte_tot_h INT,
      nbre_acte_tot_f INT,
    PRIMARY KEY (date_de_passage, sursaud_cl_age_corona)
    );
[2023-11-21T13:05:11.342+0000] {base.py:73} INFO - Using connection ID 'postgres_connexion' for task execution.
[2023-11-21T13:05:11.350+0000] {base.py:73} INFO - Using connection ID 'postgres_connexion' for task execution.
[2023-11-21T13:05:11.363+0000] {sql.py:418} INFO - Running statement: CREATE TABLE IF NOT EXISTS tranches_dage(
      Code_tranches_dage VARCHAR(10),
      Age INT,
      PRIMARY KEY (Code_tranches_dage )
    );

CREATE TABLE IF NOT EXISTS departements (
      num_dep VARCHAR(5),
      dep_name VARCHAR(50),
      region_name VARCHAR(50),
      PRIMARY KEY (num_dep)
   );

CREATE TABLE IF NOT EXISTS passages_corona (
      dep VARCHAR(5),
      date_de_passage DATE,
      sursaud_cl_age_corona INT,
      nbre_pass_corona INT,
      nbre_pass_tot INT,
      nbre_hospit_corona INT,
      nbre_pass_corona_h INT,
      nbre_pass_corona_f INT,
      nbre_pass_tot_h INT,
      nbre_pass_tot_f INT,
      nbre_hospit_corona_h INT,
      nbre_hospit_corona_f INT,
      nbre_acte_corona INT,
      nbre_acte_tot INT,
      nbre_acte_corona_h INT,
      nbre_acte_corona_f INT,
      nbre_acte_tot_h INT,
      nbre_acte_tot_f INT,
    PRIMARY KEY (date_de_passage, sursaud_cl_age_corona)
    );, parameters: None
[2023-11-21T13:05:11.398+0000] {taskinstance.py:1400} INFO - Marking task as SUCCESS. dag_id=Projet, task_id=create_table, execution_date=20231121T130508, start_date=20231121T130511, end_date=20231121T130511
[2023-11-21T13:05:11.433+0000] {local_task_job_runner.py:228} INFO - Task exited with return code 0
[2023-11-21T13:05:11.453+0000] {taskinstance.py:2778} INFO - 1 downstream tasks scheduled from follow-on schedule check
