[2023-11-24T17:19:25.702+0000] {taskinstance.py:1159} INFO - Dependencies all met for dep_context=non-requeueable deps ti=<TaskInstance: Projet_IDD.create_key scheduled__2023-11-23T17:19:09.041631+00:00 [queued]>
[2023-11-24T17:19:25.709+0000] {taskinstance.py:1159} INFO - Dependencies all met for dep_context=requeueable deps ti=<TaskInstance: Projet_IDD.create_key scheduled__2023-11-23T17:19:09.041631+00:00 [queued]>
[2023-11-24T17:19:25.710+0000] {taskinstance.py:1361} INFO - Starting attempt 1 of 2
[2023-11-24T17:19:25.721+0000] {taskinstance.py:1382} INFO - Executing <Task(PostgresOperator): create_key> on 2023-11-23 17:19:09.041631+00:00
[2023-11-24T17:19:25.726+0000] {standard_task_runner.py:57} INFO - Started process 2724 to run task
[2023-11-24T17:19:25.728+0000] {standard_task_runner.py:84} INFO - Running: ['***', 'tasks', 'run', 'Projet_IDD', 'create_key', 'scheduled__2023-11-23T17:19:09.041631+00:00', '--job-id', '101', '--raw', '--subdir', 'DAGS_FOLDER/ETL.py', '--cfg-path', '/tmp/tmpo3ad_50_']
[2023-11-24T17:19:25.733+0000] {standard_task_runner.py:85} INFO - Job 101: Subtask create_key
[2023-11-24T17:19:25.776+0000] {task_command.py:416} INFO - Running <TaskInstance: Projet_IDD.create_key scheduled__2023-11-23T17:19:09.041631+00:00 [running]> on host 1697b77d64fd
[2023-11-24T17:19:25.960+0000] {taskinstance.py:1662} INFO - Exporting env vars: AIRFLOW_CTX_DAG_EMAIL='***@example.com' AIRFLOW_CTX_DAG_OWNER='***' AIRFLOW_CTX_DAG_ID='Projet_IDD' AIRFLOW_CTX_TASK_ID='create_key' AIRFLOW_CTX_EXECUTION_DATE='2023-11-23T17:19:09.041631+00:00' AIRFLOW_CTX_TRY_NUMBER='1' AIRFLOW_CTX_DAG_RUN_ID='scheduled__2023-11-23T17:19:09.041631+00:00'
[2023-11-24T17:19:25.961+0000] {sql.py:274} INFO - Executing: -- Ajout d'une contrainte UNIQUE sur la colonne num_dep de la table departements
ALTER TABLE departements
ADD CONSTRAINT departements_num_dep_key
UNIQUE (num_dep);

-- Ajout d'une contrainte FOREIGN KEY sur la colonne dep de la table urgences_hosp
-- faisant référence à la colonne num_dep de la table departements
ALTER TABLE urgences_hosp
ADD CONSTRAINT urgences_hosp_dep_fkey
FOREIGN KEY (dep)
REFERENCES departements (num_dep);

-- Ajout d'une contrainte UNIQUE sur les colonnes num_dep et date_passage de la table hospitalisation
ALTER TABLE hospitalisation
ADD CONSTRAINT hospitalisation_key
UNIQUE (num_dep, date_passage);

-- Ajout d'une contrainte FOREIGN KEY sur les colonnes dep et date_de_passage de la table urgences_hosp
-- faisant référence aux colonnes num_dep et date_passage de la table hospitalisation
ALTER TABLE urgences_hosp
ADD CONSTRAINT urgences_hosp_hospitalisation_fkey
FOREIGN KEY (dep, date_de_passage)
REFERENCES hospitalisation (num_dep, date_passage);

-- Ajout d'une contrainte UNIQUE sur les colonnes num_dep, code_tranches_dage et date_de_passage de la table passage_urgence
ALTER TABLE passage_urgence
ADD CONSTRAINT passage_urgence_key
UNIQUE (num_dep, code_tranches_dage, date_de_passage);

-- Ajout d'une contrainte FOREIGN KEY sur les colonnes dep, sursaud_cl_age_corona et date_de_passage de la table urgences_hosp
-- faisant référence aux colonnes num_dep, code_tranches_dage et date_de_passage de la table passage_urgence
ALTER TABLE urgences_hosp
ADD CONSTRAINT urgences_hosp_passage_urgence_fkey
FOREIGN KEY (dep, sursaud_cl_age_corona, date_de_passage)
REFERENCES passage_urgence (num_dep, code_tranches_dage, date_de_passage);

[2023-11-24T17:19:25.970+0000] {base.py:73} INFO - Using connection ID 'postgres_connexion' for task execution.
[2023-11-24T17:19:25.976+0000] {base.py:73} INFO - Using connection ID 'postgres_connexion' for task execution.
[2023-11-24T17:19:25.988+0000] {sql.py:418} INFO - Running statement: -- Ajout d'une contrainte UNIQUE sur la colonne num_dep de la table departements
ALTER TABLE departements
ADD CONSTRAINT departements_num_dep_key
UNIQUE (num_dep);

-- Ajout d'une contrainte FOREIGN KEY sur la colonne dep de la table urgences_hosp
-- faisant référence à la colonne num_dep de la table departements
ALTER TABLE urgences_hosp
ADD CONSTRAINT urgences_hosp_dep_fkey
FOREIGN KEY (dep)
REFERENCES departements (num_dep);

-- Ajout d'une contrainte UNIQUE sur les colonnes num_dep et date_passage de la table hospitalisation
ALTER TABLE hospitalisation
ADD CONSTRAINT hospitalisation_key
UNIQUE (num_dep, date_passage);

-- Ajout d'une contrainte FOREIGN KEY sur les colonnes dep et date_de_passage de la table urgences_hosp
-- faisant référence aux colonnes num_dep et date_passage de la table hospitalisation
ALTER TABLE urgences_hosp
ADD CONSTRAINT urgences_hosp_hospitalisation_fkey
FOREIGN KEY (dep, date_de_passage)
REFERENCES hospitalisation (num_dep, date_passage);

-- Ajout d'une contrainte UNIQUE sur les colonnes num_dep, code_tranches_dage et date_de_passage de la table passage_urgence
ALTER TABLE passage_urgence
ADD CONSTRAINT passage_urgence_key
UNIQUE (num_dep, code_tranches_dage, date_de_passage);

-- Ajout d'une contrainte FOREIGN KEY sur les colonnes dep, sursaud_cl_age_corona et date_de_passage de la table urgences_hosp
-- faisant référence aux colonnes num_dep, code_tranches_dage et date_de_passage de la table passage_urgence
ALTER TABLE urgences_hosp
ADD CONSTRAINT urgences_hosp_passage_urgence_fkey
FOREIGN KEY (dep, sursaud_cl_age_corona, date_de_passage)
REFERENCES passage_urgence (num_dep, code_tranches_dage, date_de_passage);
, parameters: None
[2023-11-24T17:19:26.750+0000] {taskinstance.py:1400} INFO - Marking task as SUCCESS. dag_id=Projet_IDD, task_id=create_key, execution_date=20231123T171909, start_date=20231124T171925, end_date=20231124T171926
[2023-11-24T17:19:26.788+0000] {local_task_job_runner.py:228} INFO - Task exited with return code 0
[2023-11-24T17:19:26.812+0000] {taskinstance.py:2778} INFO - 1 downstream tasks scheduled from follow-on schedule check
