[2023-11-19T20:29:42.267+0000] {taskinstance.py:1159} INFO - Dependencies all met for dep_context=non-requeueable deps ti=<TaskInstance: ETL.create_table manual__2023-11-19T20:29:39.379583+00:00 [queued]>
[2023-11-19T20:29:42.279+0000] {taskinstance.py:1159} INFO - Dependencies all met for dep_context=requeueable deps ti=<TaskInstance: ETL.create_table manual__2023-11-19T20:29:39.379583+00:00 [queued]>
[2023-11-19T20:29:42.280+0000] {taskinstance.py:1361} INFO - Starting attempt 1 of 1
[2023-11-19T20:29:42.311+0000] {taskinstance.py:1382} INFO - Executing <Task(PostgresOperator): create_table> on 2023-11-19 20:29:39.379583+00:00
[2023-11-19T20:29:42.335+0000] {standard_task_runner.py:57} INFO - Started process 2106 to run task
[2023-11-19T20:29:42.364+0000] {standard_task_runner.py:84} INFO - Running: ['***', 'tasks', 'run', 'ETL', 'create_table', 'manual__2023-11-19T20:29:39.379583+00:00', '--job-id', '27', '--raw', '--subdir', 'DAGS_FOLDER/ETL.py', '--cfg-path', '/tmp/tmp4ekg2g9g']
[2023-11-19T20:29:42.374+0000] {standard_task_runner.py:85} INFO - Job 27: Subtask create_table
[2023-11-19T20:29:42.479+0000] {task_command.py:416} INFO - Running <TaskInstance: ETL.create_table manual__2023-11-19T20:29:39.379583+00:00 [running]> on host 4a664210de45
[2023-11-19T20:29:46.652+0000] {taskinstance.py:1662} INFO - Exporting env vars: AIRFLOW_CTX_DAG_OWNER='***' AIRFLOW_CTX_DAG_ID='ETL' AIRFLOW_CTX_TASK_ID='create_table' AIRFLOW_CTX_EXECUTION_DATE='2023-11-19T20:29:39.379583+00:00' AIRFLOW_CTX_TRY_NUMBER='1' AIRFLOW_CTX_DAG_RUN_ID='manual__2023-11-19T20:29:39.379583+00:00'
[2023-11-19T20:29:46.654+0000] {sql.py:274} INFO - Executing: CREATE TABLE IF NOT EXISTS analyse_prix(
      code_commune VARCHAR(10),
      prix_moyen FLOAT
    );
[2023-11-19T20:29:46.677+0000] {base.py:73} INFO - Using connection ID 'postgres_connexion' for task execution.
[2023-11-19T20:29:46.694+0000] {base.py:73} INFO - Using connection ID 'postgres_connexion' for task execution.
[2023-11-19T20:29:46.759+0000] {sql.py:418} INFO - Running statement: CREATE TABLE IF NOT EXISTS analyse_prix(
      code_commune VARCHAR(10),
      prix_moyen FLOAT
    );, parameters: None
[2023-11-19T20:29:46.772+0000] {taskinstance.py:1400} INFO - Marking task as SUCCESS. dag_id=ETL, task_id=create_table, execution_date=20231119T202939, start_date=20231119T202942, end_date=20231119T202946
[2023-11-19T20:29:46.808+0000] {local_task_job_runner.py:228} INFO - Task exited with return code 0
[2023-11-19T20:29:46.885+0000] {taskinstance.py:2778} INFO - 0 downstream tasks scheduled from follow-on schedule check
