[2023-11-21T15:27:25.909+0000] {taskinstance.py:1159} INFO - Dependencies all met for dep_context=non-requeueable deps ti=<TaskInstance: Projet_IDD.create_table manual__2023-11-21T15:27:24.252598+00:00 [queued]>
[2023-11-21T15:27:25.918+0000] {taskinstance.py:1159} INFO - Dependencies all met for dep_context=requeueable deps ti=<TaskInstance: Projet_IDD.create_table manual__2023-11-21T15:27:24.252598+00:00 [queued]>
[2023-11-21T15:27:25.919+0000] {taskinstance.py:1361} INFO - Starting attempt 1 of 1
[2023-11-21T15:27:25.931+0000] {taskinstance.py:1382} INFO - Executing <Task(PostgresOperator): create_table> on 2023-11-21 15:27:24.252598+00:00
[2023-11-21T15:27:25.937+0000] {standard_task_runner.py:57} INFO - Started process 2539 to run task
[2023-11-21T15:27:25.940+0000] {standard_task_runner.py:84} INFO - Running: ['***', 'tasks', 'run', 'Projet_IDD', 'create_table', 'manual__2023-11-21T15:27:24.252598+00:00', '--job-id', '19', '--raw', '--subdir', 'DAGS_FOLDER/ETL.py', '--cfg-path', '/tmp/tmpj7368qaw']
[2023-11-21T15:27:25.943+0000] {standard_task_runner.py:85} INFO - Job 19: Subtask create_table
[2023-11-21T15:27:26.007+0000] {task_command.py:416} INFO - Running <TaskInstance: Projet_IDD.create_table manual__2023-11-21T15:27:24.252598+00:00 [running]> on host 0fbfe6bcfb8c
[2023-11-21T15:27:26.477+0000] {taskinstance.py:1662} INFO - Exporting env vars: AIRFLOW_CTX_DAG_OWNER='***' AIRFLOW_CTX_DAG_ID='Projet_IDD' AIRFLOW_CTX_TASK_ID='create_table' AIRFLOW_CTX_EXECUTION_DATE='2023-11-21T15:27:24.252598+00:00' AIRFLOW_CTX_TRY_NUMBER='1' AIRFLOW_CTX_DAG_RUN_ID='manual__2023-11-21T15:27:24.252598+00:00'
[2023-11-21T15:27:26.478+0000] {sql.py:274} INFO - Executing: CREATE TABLE IF NOT EXISTS tranches_dage(
      Code_tranches_dage INT,
      Age INT,
      PRIMARY KEY (Code_tranches_dage )
    );

    CREATE TABLE IF NOT EXISTS departements (
    num_dep INT,
    dep_name VARCHAR(50),
    region_name VARCHAR(50),
    PRIMARY KEY (num_dep)
);

CREATE TABLE IF NOT EXISTS passages_corona (
    dep INT,
    date_de_passage DATE,
    sursaud_cl_age_corona INT,
    nbre_pass_corona INT,
    nbre_pass_tot INT,
    nbre_hospit_corona INT,
    nbre_pass_corona_h INT,
    nbre_pass_corona_f INT,
    nbre_pass_tot_h INT,
    nbre_pass_tot_f INT,
    nbre_hospit_corona_h INT,
    nbre_hospit_corona_f INT,
    nbre_acte_corona INT,
    nbre_acte_tot INT,
    nbre_acte_corona_h INT,
    nbre_acte_corona_f INT,
    nbre_acte_tot_h INT,
    nbre_acte_tot_f INT,
    FOREIGN KEY (dep) REFERENCES departements(num_dep),
    FOREIGN KEY (sursaud_cl_age_corona) REFERENCES tranches_dage(Code_tranches_dage)
);
[2023-11-21T15:27:26.487+0000] {base.py:73} INFO - Using connection ID 'postgres_connexion' for task execution.
[2023-11-21T15:27:26.495+0000] {base.py:73} INFO - Using connection ID 'postgres_connexion' for task execution.
[2023-11-21T15:27:26.507+0000] {sql.py:418} INFO - Running statement: CREATE TABLE IF NOT EXISTS tranches_dage(
      Code_tranches_dage INT,
      Age INT,
      PRIMARY KEY (Code_tranches_dage )
    );

    CREATE TABLE IF NOT EXISTS departements (
    num_dep INT,
    dep_name VARCHAR(50),
    region_name VARCHAR(50),
    PRIMARY KEY (num_dep)
);

CREATE TABLE IF NOT EXISTS passages_corona (
    dep INT,
    date_de_passage DATE,
    sursaud_cl_age_corona INT,
    nbre_pass_corona INT,
    nbre_pass_tot INT,
    nbre_hospit_corona INT,
    nbre_pass_corona_h INT,
    nbre_pass_corona_f INT,
    nbre_pass_tot_h INT,
    nbre_pass_tot_f INT,
    nbre_hospit_corona_h INT,
    nbre_hospit_corona_f INT,
    nbre_acte_corona INT,
    nbre_acte_tot INT,
    nbre_acte_corona_h INT,
    nbre_acte_corona_f INT,
    nbre_acte_tot_h INT,
    nbre_acte_tot_f INT,
    FOREIGN KEY (dep) REFERENCES departements(num_dep),
    FOREIGN KEY (sursaud_cl_age_corona) REFERENCES tranches_dage(Code_tranches_dage)
);, parameters: None
[2023-11-21T15:27:26.521+0000] {taskinstance.py:1400} INFO - Marking task as SUCCESS. dag_id=Projet_IDD, task_id=create_table, execution_date=20231121T152724, start_date=20231121T152725, end_date=20231121T152726
[2023-11-21T15:27:26.557+0000] {local_task_job_runner.py:228} INFO - Task exited with return code 0
[2023-11-21T15:27:26.578+0000] {taskinstance.py:2778} INFO - 0 downstream tasks scheduled from follow-on schedule check
