[2023-11-21T21:14:28.288+0000] {taskinstance.py:1159} INFO - Dependencies all met for dep_context=non-requeueable deps ti=<TaskInstance: Projet_IDD.create_key manual__2023-11-21T21:14:06.255845+00:00 [queued]>
[2023-11-21T21:14:28.307+0000] {taskinstance.py:1159} INFO - Dependencies all met for dep_context=requeueable deps ti=<TaskInstance: Projet_IDD.create_key manual__2023-11-21T21:14:06.255845+00:00 [queued]>
[2023-11-21T21:14:28.308+0000] {taskinstance.py:1361} INFO - Starting attempt 1 of 1
[2023-11-21T21:14:28.342+0000] {taskinstance.py:1382} INFO - Executing <Task(PostgresOperator): create_key> on 2023-11-21 21:14:06.255845+00:00
[2023-11-21T21:14:28.353+0000] {standard_task_runner.py:57} INFO - Started process 4846 to run task
[2023-11-21T21:14:28.359+0000] {standard_task_runner.py:84} INFO - Running: ['***', 'tasks', 'run', 'Projet_IDD', 'create_key', 'manual__2023-11-21T21:14:06.255845+00:00', '--job-id', '159', '--raw', '--subdir', 'DAGS_FOLDER/ETL.py', '--cfg-path', '/tmp/tmpvolesqq2']
[2023-11-21T21:14:28.366+0000] {standard_task_runner.py:85} INFO - Job 159: Subtask create_key
[2023-11-21T21:14:28.483+0000] {task_command.py:416} INFO - Running <TaskInstance: Projet_IDD.create_key manual__2023-11-21T21:14:06.255845+00:00 [running]> on host 726cce66553f
[2023-11-21T21:14:28.818+0000] {taskinstance.py:1662} INFO - Exporting env vars: AIRFLOW_CTX_DAG_OWNER='***' AIRFLOW_CTX_DAG_ID='Projet_IDD' AIRFLOW_CTX_TASK_ID='create_key' AIRFLOW_CTX_EXECUTION_DATE='2023-11-21T21:14:06.255845+00:00' AIRFLOW_CTX_TRY_NUMBER='1' AIRFLOW_CTX_DAG_RUN_ID='manual__2023-11-21T21:14:06.255845+00:00'
[2023-11-21T21:14:28.821+0000] {sql.py:274} INFO - Executing: ALTER TABLE departements
ADD CONSTRAINT departements_num_dep_key
UNIQUE (num_dep);

ALTER TABLE tranches_dage
ADD CONSTRAINT tranches_dage_code_tranches_dage_key
UNIQUE (code_tranches_dage);

ALTER TABLE passages_corona
ADD CONSTRAINT passages_corona_dep_fkey
FOREIGN KEY (dep)
REFERENCES departements (num_dep);

ALTER TABLE passages_corona
ADD CONSTRAINT passages_corona_sursaud_cl_age_corona_fkey
FOREIGN KEY (sursaud_cl_age_corona)
REFERENCES tranches_dage (code_tranches_dage);
[2023-11-21T21:14:28.835+0000] {base.py:73} INFO - Using connection ID 'postgres_connexion' for task execution.
[2023-11-21T21:14:28.846+0000] {base.py:73} INFO - Using connection ID 'postgres_connexion' for task execution.
[2023-11-21T21:14:28.869+0000] {sql.py:418} INFO - Running statement: ALTER TABLE departements
ADD CONSTRAINT departements_num_dep_key
UNIQUE (num_dep);

ALTER TABLE tranches_dage
ADD CONSTRAINT tranches_dage_code_tranches_dage_key
UNIQUE (code_tranches_dage);

ALTER TABLE passages_corona
ADD CONSTRAINT passages_corona_dep_fkey
FOREIGN KEY (dep)
REFERENCES departements (num_dep);

ALTER TABLE passages_corona
ADD CONSTRAINT passages_corona_sursaud_cl_age_corona_fkey
FOREIGN KEY (sursaud_cl_age_corona)
REFERENCES tranches_dage (code_tranches_dage);, parameters: None
[2023-11-21T21:14:29.006+0000] {taskinstance.py:1400} INFO - Marking task as SUCCESS. dag_id=Projet_IDD, task_id=create_key, execution_date=20231121T211406, start_date=20231121T211428, end_date=20231121T211429
[2023-11-21T21:14:29.057+0000] {local_task_job_runner.py:228} INFO - Task exited with return code 0
[2023-11-21T21:14:29.084+0000] {taskinstance.py:2778} INFO - 0 downstream tasks scheduled from follow-on schedule check
